{"/home/allyjr/Elsa/mobile/providers/app/components/index.ts": {"path":"/home/allyjr/Elsa/mobile/providers/app/components/index.ts","statementMap":{},"fnMap":{},"branchMap":{},"s":{},"f":{},"b":{},"_coverageSchema":"43e27e138ebf9cfc5966b082cf9a028302ed4184","hash":"742be4ee9dfe4ecdd0992cc460bc1b8a32a6d4dc"}
,"/home/allyjr/Elsa/mobile/providers/app/components/bullet-item/bullet-item.tsx": {"path":"/home/allyjr/Elsa/mobile/providers/app/components/bullet-item/bullet-item.tsx","statementMap":{"0":{"start":{"line":7,"column":31},"end":{"line":13,"column":1}},"1":{"start":{"line":14,"column":36},"end":{"line":17,"column":1}},"2":{"start":{"line":18,"column":27},"end":{"line":21,"column":1}},"3":{"start":{"line":22,"column":31},"end":{"line":28,"column":1}},"4":{"start":{"line":35,"column":2},"end":{"line":40,"column":3}}},"fnMap":{"0":{"name":"BulletItem","decl":{"start":{"line":34,"column":16},"end":{"line":34,"column":26}},"loc":{"start":{"line":34,"column":51},"end":{"line":41,"column":1}},"line":34}},"branchMap":{},"s":{"0":1,"1":1,"2":1,"3":1,"4":0},"f":{"0":0},"b":{},"_coverageSchema":"43e27e138ebf9cfc5966b082cf9a028302ed4184","hash":"2cd87ee8f72d574c11ad3409c9ef46eef7fa15ad"}
,"/home/allyjr/Elsa/mobile/providers/app/components/button/button.presets.ts": {"path":"/home/allyjr/Elsa/mobile/providers/app/components/button/button.presets.ts","statementMap":{"0":{"start":{"line":7,"column":29},"end":{"line":13,"column":1}},"1":{"start":{"line":15,"column":29},"end":{"line":17,"column":1}},"2":{"start":{"line":24,"column":27},"end":{"line":39,"column":1}},"3":{"start":{"line":41,"column":27},"end":{"line":49,"column":1}}},"fnMap":{},"branchMap":{},"s":{"0":1,"1":1,"2":1,"3":1},"f":{},"b":{},"_coverageSchema":"43e27e138ebf9cfc5966b082cf9a028302ed4184","hash":"2d8e4f8b39dadc4547f80e3eeea5ea79875040fb"}
,"/home/allyjr/Elsa/mobile/providers/app/components/button/button.story.tsx": {"path":"/home/allyjr/Elsa/mobile/providers/app/components/button/button.story.tsx","statementMap":{"0":{"start":{"line":9,"column":38},"end":{"line":9,"column":85}},"1":{"start":{"line":11,"column":42},"end":{"line":11,"column":82}},"2":{"start":{"line":13,"column":0},"end":{"line":33,"column":4}},"3":{"start":{"line":14,"column":22},"end":{"line":14,"column":55}},"4":{"start":{"line":16,"column":4},"end":{"line":32,"column":12}},"5":{"start":{"line":18,"column":64},"end":{"line":18,"column":86}},"6":{"start":{"line":21,"column":64},"end":{"line":21,"column":86}},"7":{"start":{"line":27,"column":25},"end":{"line":27,"column":47}}},"fnMap":{"0":{"name":"(anonymous_0)","decl":{"start":{"line":14,"column":16},"end":{"line":14,"column":17}},"loc":{"start":{"line":14,"column":22},"end":{"line":14,"column":55}},"line":14},"1":{"name":"(anonymous_1)","decl":{"start":{"line":15,"column":24},"end":{"line":15,"column":25}},"loc":{"start":{"line":16,"column":4},"end":{"line":32,"column":12}},"line":16},"2":{"name":"(anonymous_2)","decl":{"start":{"line":18,"column":58},"end":{"line":18,"column":59}},"loc":{"start":{"line":18,"column":64},"end":{"line":18,"column":86}},"line":18},"3":{"name":"(anonymous_3)","decl":{"start":{"line":21,"column":58},"end":{"line":21,"column":59}},"loc":{"start":{"line":21,"column":64},"end":{"line":21,"column":86}},"line":21},"4":{"name":"(anonymous_4)","decl":{"start":{"line":27,"column":19},"end":{"line":27,"column":20}},"loc":{"start":{"line":27,"column":25},"end":{"line":27,"column":47}},"line":27}},"branchMap":{},"s":{"0":1,"1":1,"2":1,"3":1,"4":1,"5":0,"6":0,"7":0},"f":{"0":1,"1":1,"2":0,"3":0,"4":0},"b":{},"_coverageSchema":"43e27e138ebf9cfc5966b082cf9a028302ed4184","hash":"b3058d6225d1c74d7ec4205ccb5dc69ab8742709"}
,"/home/allyjr/Elsa/mobile/providers/app/components/button/button.tsx": {"path":"/home/allyjr/Elsa/mobile/providers/app/components/button/button.tsx","statementMap":{"0":{"start":{"line":23,"column":6},"end":{"line":23,"column":11}},"1":{"start":{"line":25,"column":20},"end":{"line":25,"column":98}},"2":{"start":{"line":26,"column":20},"end":{"line":28,"column":3}},"3":{"start":{"line":30,"column":18},"end":{"line":30,"column":76}},"4":{"start":{"line":32,"column":2},"end":{"line":36,"column":3}}},"fnMap":{"0":{"name":"Button","decl":{"start":{"line":13,"column":16},"end":{"line":13,"column":22}},"loc":{"start":{"line":13,"column":43},"end":{"line":37,"column":1}},"line":13}},"branchMap":{"0":{"loc":{"start":{"line":16,"column":4},"end":{"line":16,"column":22}},"type":"default-arg","locations":[{"start":{"line":16,"column":13},"end":{"line":16,"column":22}}],"line":16},"1":{"loc":{"start":{"line":25,"column":38},"end":{"line":25,"column":80}},"type":"binary-expr","locations":[{"start":{"line":25,"column":38},"end":{"line":25,"column":57}},{"start":{"line":25,"column":61},"end":{"line":25,"column":80}}],"line":25},"2":{"loc":{"start":{"line":27,"column":13},"end":{"line":27,"column":55}},"type":"binary-expr","locations":[{"start":{"line":27,"column":13},"end":{"line":27,"column":32}},{"start":{"line":27,"column":36},"end":{"line":27,"column":55}}],"line":27},"3":{"loc":{"start":{"line":30,"column":18},"end":{"line":30,"column":76}},"type":"binary-expr","locations":[{"start":{"line":30,"column":18},"end":{"line":30,"column":26}},{"start":{"line":30,"column":30},"end":{"line":30,"column":76}}],"line":30}},"s":{"0":5,"1":5,"2":5,"3":5,"4":5},"f":{"0":5},"b":{"0":[0],"1":[5,0],"2":[5,0],"3":[5,3]},"_coverageSchema":"43e27e138ebf9cfc5966b082cf9a028302ed4184","hash":"787ba2078790a5ad2ae1393743ff69ed3e374c38"}
,"/home/allyjr/Elsa/mobile/providers/app/components/checkbox/checkbox.story.tsx": {"path":"/home/allyjr/Elsa/mobile/providers/app/components/checkbox/checkbox.story.tsx","statementMap":{"0":{"start":{"line":13,"column":32},"end":{"line":13,"column":84}},"1":{"start":{"line":14,"column":39},"end":{"line":14,"column":88}},"2":{"start":{"line":15,"column":36},"end":{"line":15,"column":68}},"3":{"start":{"line":17,"column":0},"end":{"line":121,"column":4}},"4":{"start":{"line":18,"column":22},"end":{"line":18,"column":55}},"5":{"start":{"line":20,"column":4},"end":{"line":32,"column":12}},"6":{"start":{"line":23,"column":31},"end":{"line":23,"column":89}},"7":{"start":{"line":35,"column":4},"end":{"line":120,"column":12}},"8":{"start":{"line":39,"column":12},"end":{"line":46,"column":19}},"9":{"start":{"line":53,"column":12},"end":{"line":65,"column":19}},"10":{"start":{"line":72,"column":12},"end":{"line":85,"column":19}},"11":{"start":{"line":92,"column":12},"end":{"line":99,"column":19}},"12":{"start":{"line":107,"column":12},"end":{"line":116,"column":19}}},"fnMap":{"0":{"name":"(anonymous_0)","decl":{"start":{"line":18,"column":16},"end":{"line":18,"column":17}},"loc":{"start":{"line":18,"column":22},"end":{"line":18,"column":55}},"line":18},"1":{"name":"(anonymous_1)","decl":{"start":{"line":19,"column":20},"end":{"line":19,"column":21}},"loc":{"start":{"line":20,"column":4},"end":{"line":32,"column":12}},"line":20},"2":{"name":"(anonymous_2)","decl":{"start":{"line":23,"column":11},"end":{"line":23,"column":12}},"loc":{"start":{"line":23,"column":31},"end":{"line":23,"column":89}},"line":23},"3":{"name":"(anonymous_3)","decl":{"start":{"line":34,"column":18},"end":{"line":34,"column":19}},"loc":{"start":{"line":35,"column":4},"end":{"line":120,"column":12}},"line":35},"4":{"name":"(anonymous_4)","decl":{"start":{"line":38,"column":11},"end":{"line":38,"column":12}},"loc":{"start":{"line":39,"column":12},"end":{"line":46,"column":19}},"line":39},"5":{"name":"(anonymous_5)","decl":{"start":{"line":52,"column":11},"end":{"line":52,"column":12}},"loc":{"start":{"line":53,"column":12},"end":{"line":65,"column":19}},"line":53},"6":{"name":"(anonymous_6)","decl":{"start":{"line":71,"column":11},"end":{"line":71,"column":12}},"loc":{"start":{"line":72,"column":12},"end":{"line":85,"column":19}},"line":72},"7":{"name":"(anonymous_7)","decl":{"start":{"line":91,"column":11},"end":{"line":91,"column":12}},"loc":{"start":{"line":92,"column":12},"end":{"line":99,"column":19}},"line":92},"8":{"name":"(anonymous_8)","decl":{"start":{"line":106,"column":11},"end":{"line":106,"column":12}},"loc":{"start":{"line":107,"column":12},"end":{"line":116,"column":19}},"line":107}},"branchMap":{},"s":{"0":1,"1":1,"2":1,"3":1,"4":2,"5":1,"6":1,"7":1,"8":1,"9":1,"10":1,"11":1,"12":1},"f":{"0":2,"1":1,"2":1,"3":1,"4":1,"5":1,"6":1,"7":1,"8":1},"b":{},"_coverageSchema":"43e27e138ebf9cfc5966b082cf9a028302ed4184","hash":"e77ee0b84626a4c5e2e49e52751a5c56b469b5b0"}
,"/home/allyjr/Elsa/mobile/providers/app/components/checkbox/checkbox.tsx": {"path":"/home/allyjr/Elsa/mobile/providers/app/components/checkbox/checkbox.tsx","statementMap":{"0":{"start":{"line":8,"column":24},"end":{"line":12,"column":1}},"1":{"start":{"line":14,"column":19},"end":{"line":14,"column":44}},"2":{"start":{"line":16,"column":27},"end":{"line":24,"column":1}},"3":{"start":{"line":26,"column":24},"end":{"line":30,"column":1}},"4":{"start":{"line":32,"column":25},"end":{"line":32,"column":52}},"5":{"start":{"line":35,"column":24},"end":{"line":35,"column":47}},"6":{"start":{"line":37,"column":20},"end":{"line":37,"column":58}},"7":{"start":{"line":38,"column":23},"end":{"line":38,"column":71}},"8":{"start":{"line":39,"column":20},"end":{"line":39,"column":62}},"9":{"start":{"line":41,"column":18},"end":{"line":41,"column":94}},"10":{"start":{"line":41,"column":41},"end":{"line":41,"column":87}},"11":{"start":{"line":43,"column":2},"end":{"line":53,"column":3}}},"fnMap":{"0":{"name":"Checkbox","decl":{"start":{"line":34,"column":16},"end":{"line":34,"column":24}},"loc":{"start":{"line":34,"column":47},"end":{"line":54,"column":1}},"line":34},"1":{"name":"(anonymous_1)","decl":{"start":{"line":41,"column":35},"end":{"line":41,"column":36}},"loc":{"start":{"line":41,"column":41},"end":{"line":41,"column":87}},"line":41}},"branchMap":{"0":{"loc":{"start":{"line":35,"column":24},"end":{"line":35,"column":47}},"type":"cond-expr","locations":[{"start":{"line":35,"column":42},"end":{"line":35,"column":43}},{"start":{"line":35,"column":46},"end":{"line":35,"column":47}}],"line":35},"1":{"loc":{"start":{"line":41,"column":18},"end":{"line":41,"column":94}},"type":"cond-expr","locations":[{"start":{"line":41,"column":35},"end":{"line":41,"column":87}},{"start":{"line":41,"column":90},"end":{"line":41,"column":94}}],"line":41},"2":{"loc":{"start":{"line":41,"column":41},"end":{"line":41,"column":87}},"type":"binary-expr","locations":[{"start":{"line":41,"column":41},"end":{"line":41,"column":55}},{"start":{"line":41,"column":59},"end":{"line":41,"column":87}}],"line":41},"3":{"loc":{"start":{"line":50,"column":34},"end":{"line":50,"column":75}},"type":"binary-expr","locations":[{"start":{"line":50,"column":34},"end":{"line":50,"column":45}},{"start":{"line":50,"column":49},"end":{"line":50,"column":75}}],"line":50}},"s":{"0":1,"1":1,"2":1,"3":1,"4":1,"5":8,"6":8,"7":8,"8":8,"9":8,"10":0,"11":8},"f":{"0":8,"1":0},"b":{"0":[1,7],"1":[6,2],"2":[0,0],"3":[8,1]},"_coverageSchema":"43e27e138ebf9cfc5966b082cf9a028302ed4184","hash":"a62e3ea171436f942450689867361381b1e4687c"}
,"/home/allyjr/Elsa/mobile/providers/app/components/form-row/form-row.presets.ts": {"path":"/home/allyjr/Elsa/mobile/providers/app/components/form-row/form-row.presets.ts","statementMap":{"0":{"start":{"line":7,"column":15},"end":{"line":7,"column":16}},"1":{"start":{"line":12,"column":24},"end":{"line":16,"column":1}},"2":{"start":{"line":21,"column":23},"end":{"line":66,"column":1}}},"fnMap":{},"branchMap":{},"s":{"0":1,"1":1,"2":1},"f":{},"b":{},"_coverageSchema":"43e27e138ebf9cfc5966b082cf9a028302ed4184","hash":"1ffad03d1ba8dd1ef88a7f5644095b16ce85c1f3"}
,"/home/allyjr/Elsa/mobile/providers/app/components/form-row/form-row.story.tsx": {"path":"/home/allyjr/Elsa/mobile/providers/app/components/form-row/form-row.story.tsx","statementMap":{"0":{"start":{"line":13,"column":28},"end":{"line":15,"column":1}},"1":{"start":{"line":16,"column":32},"end":{"line":16,"column":80}},"2":{"start":{"line":18,"column":0},"end":{"line":107,"column":4}},"3":{"start":{"line":19,"column":22},"end":{"line":19,"column":55}},"4":{"start":{"line":21,"column":4},"end":{"line":61,"column":12}},"5":{"start":{"line":64,"column":4},"end":{"line":97,"column":12}},"6":{"start":{"line":100,"column":4},"end":{"line":106,"column":12}}},"fnMap":{"0":{"name":"(anonymous_0)","decl":{"start":{"line":19,"column":16},"end":{"line":19,"column":17}},"loc":{"start":{"line":19,"column":22},"end":{"line":19,"column":55}},"line":19},"1":{"name":"(anonymous_1)","decl":{"start":{"line":20,"column":20},"end":{"line":20,"column":21}},"loc":{"start":{"line":21,"column":4},"end":{"line":61,"column":12}},"line":21},"2":{"name":"(anonymous_2)","decl":{"start":{"line":63,"column":18},"end":{"line":63,"column":19}},"loc":{"start":{"line":64,"column":4},"end":{"line":97,"column":12}},"line":64},"3":{"name":"(anonymous_3)","decl":{"start":{"line":99,"column":18},"end":{"line":99,"column":19}},"loc":{"start":{"line":100,"column":4},"end":{"line":106,"column":12}},"line":100}},"branchMap":{},"s":{"0":1,"1":1,"2":1,"3":3,"4":1,"5":1,"6":1},"f":{"0":3,"1":1,"2":1,"3":1},"b":{},"_coverageSchema":"43e27e138ebf9cfc5966b082cf9a028302ed4184","hash":"ddb7044c716251d560f62e9180f143437101d97f"}
,"/home/allyjr/Elsa/mobile/providers/app/components/form-row/form-row.tsx": {"path":"/home/allyjr/Elsa/mobile/providers/app/components/form-row/form-row.tsx","statementMap":{"0":{"start":{"line":11,"column":20},"end":{"line":11,"column":75}},"1":{"start":{"line":13,"column":2},"end":{"line":13,"column":56}}},"fnMap":{"0":{"name":"FormRow","decl":{"start":{"line":10,"column":16},"end":{"line":10,"column":23}},"loc":{"start":{"line":10,"column":45},"end":{"line":14,"column":1}},"line":10}},"branchMap":{},"s":{"0":14,"1":14},"f":{"0":14},"b":{},"_coverageSchema":"43e27e138ebf9cfc5966b082cf9a028302ed4184","hash":"920427efd4df6a87b580ba40170fd0eb322f487c"}
,"/home/allyjr/Elsa/mobile/providers/app/components/header/header.story.tsx": {"path":"/home/allyjr/Elsa/mobile/providers/app/components/header/header.story.tsx","statementMap":{"0":{"start":{"line":10,"column":18},"end":{"line":13,"column":1}},"1":{"start":{"line":15,"column":0},"end":{"line":43,"column":4}},"2":{"start":{"line":16,"column":22},"end":{"line":16,"column":55}},"3":{"start":{"line":18,"column":4},"end":{"line":42,"column":12}},"4":{"start":{"line":29,"column":31},"end":{"line":29,"column":54}},"5":{"start":{"line":38,"column":32},"end":{"line":38,"column":56}}},"fnMap":{"0":{"name":"(anonymous_0)","decl":{"start":{"line":16,"column":16},"end":{"line":16,"column":17}},"loc":{"start":{"line":16,"column":22},"end":{"line":16,"column":55}},"line":16},"1":{"name":"(anonymous_1)","decl":{"start":{"line":17,"column":19},"end":{"line":17,"column":20}},"loc":{"start":{"line":18,"column":4},"end":{"line":42,"column":12}},"line":18},"2":{"name":"(anonymous_2)","decl":{"start":{"line":29,"column":25},"end":{"line":29,"column":26}},"loc":{"start":{"line":29,"column":31},"end":{"line":29,"column":54}},"line":29},"3":{"name":"(anonymous_3)","decl":{"start":{"line":38,"column":26},"end":{"line":38,"column":27}},"loc":{"start":{"line":38,"column":32},"end":{"line":38,"column":56}},"line":38}},"branchMap":{},"s":{"0":1,"1":1,"2":1,"3":1,"4":0,"5":0},"f":{"0":1,"1":1,"2":0,"3":0},"b":{},"_coverageSchema":"43e27e138ebf9cfc5966b082cf9a028302ed4184","hash":"666b8c18914bd8fdadbbc293f331f95bda14a4b9"}
,"/home/allyjr/Elsa/mobile/providers/app/components/header/header.tsx": {"path":"/home/allyjr/Elsa/mobile/providers/app/components/header/header.tsx","statementMap":{"0":{"start":{"line":12,"column":24},"end":{"line":24,"column":1}},"1":{"start":{"line":25,"column":25},"end":{"line":25,"column":48}},"2":{"start":{"line":26,"column":32},"end":{"line":26,"column":73}},"3":{"start":{"line":27,"column":24},"end":{"line":27,"column":36}},"4":{"start":{"line":28,"column":25},"end":{"line":28,"column":37}},"5":{"start":{"line":33,"column":60},"end":{"line":67,"column":1}},"6":{"start":{"line":43,"column":8},"end":{"line":43,"column":13}},"7":{"start":{"line":44,"column":19},"end":{"line":44,"column":72}},"8":{"start":{"line":46,"column":4},"end":{"line":66,"column":5}}},"fnMap":{"0":{"name":"(anonymous_0)","decl":{"start":{"line":33,"column":60},"end":{"line":33,"column":61}},"loc":{"start":{"line":33,"column":69},"end":{"line":67,"column":1}},"line":33}},"branchMap":{"0":{"loc":{"start":{"line":44,"column":19},"end":{"line":44,"column":72}},"type":"binary-expr","locations":[{"start":{"line":44,"column":19},"end":{"line":44,"column":29}},{"start":{"line":44,"column":34},"end":{"line":44,"column":42}},{"start":{"line":44,"column":46},"end":{"line":44,"column":65}},{"start":{"line":44,"column":70},"end":{"line":44,"column":72}}],"line":44},"1":{"loc":{"start":{"line":48,"column":13},"end":{"line":54,"column":13}},"type":"cond-expr","locations":[{"start":{"line":49,"column":16},"end":{"line":51,"column":25}},{"start":{"line":53,"column":16},"end":{"line":53,"column":37}}],"line":48},"2":{"loc":{"start":{"line":58,"column":13},"end":{"line":64,"column":13}},"type":"cond-expr","locations":[{"start":{"line":59,"column":16},"end":{"line":61,"column":25}},{"start":{"line":63,"column":16},"end":{"line":63,"column":38}}],"line":58}},"s":{"0":1,"1":1,"2":1,"3":1,"4":1,"5":1,"6":3,"7":3,"8":3},"f":{"0":3},"b":{"0":[3,3,3,0],"1":[1,2],"2":[1,2]},"_coverageSchema":"43e27e138ebf9cfc5966b082cf9a028302ed4184","hash":"0197e4b20bf803d9b0cdf1979f5e675811928718"}
,"/home/allyjr/Elsa/mobile/providers/app/components/icon/icon.story.tsx": {"path":"/home/allyjr/Elsa/mobile/providers/app/components/icon/icon.story.tsx","statementMap":{"0":{"start":{"line":8,"column":0},"end":{"line":19,"column":4}},"1":{"start":{"line":9,"column":22},"end":{"line":9,"column":55}},"2":{"start":{"line":11,"column":4},"end":{"line":18,"column":12}}},"fnMap":{"0":{"name":"(anonymous_0)","decl":{"start":{"line":9,"column":16},"end":{"line":9,"column":17}},"loc":{"start":{"line":9,"column":22},"end":{"line":9,"column":55}},"line":9},"1":{"name":"(anonymous_1)","decl":{"start":{"line":10,"column":16},"end":{"line":10,"column":17}},"loc":{"start":{"line":11,"column":4},"end":{"line":18,"column":12}},"line":11}},"branchMap":{},"s":{"0":1,"1":1,"2":1},"f":{"0":1,"1":1},"b":{},"_coverageSchema":"43e27e138ebf9cfc5966b082cf9a028302ed4184","hash":"d2b5629f4f22ecabc51cec944596cfd7c98ba772"}
,"/home/allyjr/Elsa/mobile/providers/app/components/icon/icon.tsx": {"path":"/home/allyjr/Elsa/mobile/providers/app/components/icon/icon.tsx","statementMap":{"0":{"start":{"line":6,"column":25},"end":{"line":8,"column":1}},"1":{"start":{"line":11,"column":57},"end":{"line":11,"column":62}},"2":{"start":{"line":12,"column":28},"end":{"line":12,"column":57}},"3":{"start":{"line":14,"column":2},"end":{"line":18,"column":3}}},"fnMap":{"0":{"name":"Icon","decl":{"start":{"line":10,"column":16},"end":{"line":10,"column":20}},"loc":{"start":{"line":10,"column":39},"end":{"line":19,"column":1}},"line":10}},"branchMap":{},"s":{"0":1,"1":4,"2":4,"3":4},"f":{"0":4},"b":{},"_coverageSchema":"43e27e138ebf9cfc5966b082cf9a028302ed4184","hash":"8996182cade429ddd59f6ca09540b948b4a9307b"}
,"/home/allyjr/Elsa/mobile/providers/app/components/icon/icons/arrow-left.png": {"path":"/home/allyjr/Elsa/mobile/providers/app/components/icon/icons/arrow-left.png","statementMap":{"0":{"start":{"line":1,"column":0},"end":{"line":4,"column":6}}},"fnMap":{},"branchMap":{},"s":{"0":1},"f":{},"b":{},"_coverageSchema":"43e27e138ebf9cfc5966b082cf9a028302ed4184","hash":"acf5f9136881127c1d3a293e615812d30b18a960"}
,"/home/allyjr/Elsa/mobile/providers/app/components/icon/icons/bullet.png": {"path":"/home/allyjr/Elsa/mobile/providers/app/components/icon/icons/bullet.png","statementMap":{"0":{"start":{"line":1,"column":0},"end":{"line":4,"column":6}}},"fnMap":{},"branchMap":{},"s":{"0":1},"f":{},"b":{},"_coverageSchema":"43e27e138ebf9cfc5966b082cf9a028302ed4184","hash":"a591f80beef044c6e326777b654211c0d2fa8c50"}
,"/home/allyjr/Elsa/mobile/providers/app/components/icon/icons/index.ts": {"path":"/home/allyjr/Elsa/mobile/providers/app/components/icon/icons/index.ts","statementMap":{"0":{"start":{"line":1,"column":21},"end":{"line":4,"column":1}}},"fnMap":{},"branchMap":{},"s":{"0":1},"f":{},"b":{},"_coverageSchema":"43e27e138ebf9cfc5966b082cf9a028302ed4184","hash":"2652da61be109e70d4a25db596d092e8dc99d278"}
,"/home/allyjr/Elsa/mobile/providers/app/components/screen/screen.presets.ts": {"path":"/home/allyjr/Elsa/mobile/providers/app/components/screen/screen.presets.ts","statementMap":{"0":{"start":{"line":8,"column":23},"end":{"line":10,"column":1}},"1":{"start":{"line":20,"column":23},"end":{"line":52,"column":1}},"2":{"start":{"line":66,"column":2},"end":{"line":66,"column":88}}},"fnMap":{"0":{"name":"isNonScrolling","decl":{"start":{"line":64,"column":16},"end":{"line":64,"column":30}},"loc":{"start":{"line":64,"column":54},"end":{"line":67,"column":1}},"line":64}},"branchMap":{"0":{"loc":{"start":{"line":66,"column":9},"end":{"line":66,"column":88}},"type":"binary-expr","locations":[{"start":{"line":66,"column":9},"end":{"line":66,"column":22}},{"start":{"line":66,"column":26},"end":{"line":66,"column":40}},{"start":{"line":66,"column":44},"end":{"line":66,"column":66}},{"start":{"line":66,"column":70},"end":{"line":66,"column":88}}],"line":66}},"s":{"0":1,"1":1,"2":0},"f":{"0":0},"b":{"0":[0,0,0,0]},"_coverageSchema":"43e27e138ebf9cfc5966b082cf9a028302ed4184","hash":"23d3dc78a19bfad44b9c119a4709cd2d6551fbce"}
,"/home/allyjr/Elsa/mobile/providers/app/components/screen/screen.tsx": {"path":"/home/allyjr/Elsa/mobile/providers/app/components/screen/screen.tsx","statementMap":{"0":{"start":{"line":7,"column":14},"end":{"line":7,"column":35}},"1":{"start":{"line":10,"column":19},"end":{"line":10,"column":32}},"2":{"start":{"line":11,"column":19},"end":{"line":11,"column":32}},"3":{"start":{"line":12,"column":18},"end":{"line":12,"column":35}},"4":{"start":{"line":13,"column":28},"end":{"line":13,"column":99}},"5":{"start":{"line":14,"column":23},"end":{"line":14,"column":68}},"6":{"start":{"line":16,"column":4},"end":{"line":25,"column":5}},"7":{"start":{"line":29,"column":19},"end":{"line":29,"column":32}},"8":{"start":{"line":30,"column":19},"end":{"line":30,"column":33}},"9":{"start":{"line":31,"column":18},"end":{"line":31,"column":35}},"10":{"start":{"line":32,"column":28},"end":{"line":32,"column":99}},"11":{"start":{"line":33,"column":23},"end":{"line":33,"column":68}},"12":{"start":{"line":35,"column":4},"end":{"line":51,"column":5}},"13":{"start":{"line":60,"column":4},"end":{"line":64,"column":5}},"14":{"start":{"line":61,"column":8},"end":{"line":61,"column":52}},"15":{"start":{"line":63,"column":8},"end":{"line":63,"column":49}}},"fnMap":{"0":{"name":"ScreenWithoutScrolling","decl":{"start":{"line":9,"column":9},"end":{"line":9,"column":31}},"loc":{"start":{"line":9,"column":52},"end":{"line":26,"column":1}},"line":9},"1":{"name":"ScreenWithScrolling","decl":{"start":{"line":28,"column":9},"end":{"line":28,"column":28}},"loc":{"start":{"line":28,"column":49},"end":{"line":52,"column":1}},"line":28},"2":{"name":"Screen","decl":{"start":{"line":59,"column":16},"end":{"line":59,"column":22}},"loc":{"start":{"line":59,"column":43},"end":{"line":65,"column":1}},"line":59}},"branchMap":{"0":{"loc":{"start":{"line":12,"column":18},"end":{"line":12,"column":35}},"type":"binary-expr","locations":[{"start":{"line":12,"column":18},"end":{"line":12,"column":29}},{"start":{"line":12,"column":33},"end":{"line":12,"column":35}}],"line":12},"1":{"loc":{"start":{"line":13,"column":28},"end":{"line":13,"column":99}},"type":"cond-expr","locations":[{"start":{"line":13,"column":52},"end":{"line":13,"column":94}},{"start":{"line":13,"column":97},"end":{"line":13,"column":99}}],"line":13},"2":{"loc":{"start":{"line":14,"column":37},"end":{"line":14,"column":66}},"type":"cond-expr","locations":[{"start":{"line":14,"column":52},"end":{"line":14,"column":53}},{"start":{"line":14,"column":56},"end":{"line":14,"column":66}}],"line":14},"3":{"loc":{"start":{"line":19,"column":22},"end":{"line":19,"column":46}},"type":"cond-expr","locations":[{"start":{"line":19,"column":30},"end":{"line":19,"column":39}},{"start":{"line":19,"column":42},"end":{"line":19,"column":46}}],"line":19},"4":{"loc":{"start":{"line":20,"column":44},"end":{"line":20,"column":74}},"type":"binary-expr","locations":[{"start":{"line":20,"column":44},"end":{"line":20,"column":64}},{"start":{"line":20,"column":68},"end":{"line":20,"column":74}}],"line":20},"5":{"loc":{"start":{"line":22,"column":57},"end":{"line":22,"column":91}},"type":"binary-expr","locations":[{"start":{"line":22,"column":57},"end":{"line":22,"column":72}},{"start":{"line":22,"column":76},"end":{"line":22,"column":91}}],"line":22},"6":{"loc":{"start":{"line":31,"column":18},"end":{"line":31,"column":35}},"type":"binary-expr","locations":[{"start":{"line":31,"column":18},"end":{"line":31,"column":29}},{"start":{"line":31,"column":33},"end":{"line":31,"column":35}}],"line":31},"7":{"loc":{"start":{"line":32,"column":28},"end":{"line":32,"column":99}},"type":"cond-expr","locations":[{"start":{"line":32,"column":52},"end":{"line":32,"column":94}},{"start":{"line":32,"column":97},"end":{"line":32,"column":99}}],"line":32},"8":{"loc":{"start":{"line":33,"column":37},"end":{"line":33,"column":66}},"type":"cond-expr","locations":[{"start":{"line":33,"column":52},"end":{"line":33,"column":53}},{"start":{"line":33,"column":56},"end":{"line":33,"column":66}}],"line":33},"9":{"loc":{"start":{"line":38,"column":22},"end":{"line":38,"column":46}},"type":"cond-expr","locations":[{"start":{"line":38,"column":30},"end":{"line":38,"column":39}},{"start":{"line":38,"column":42},"end":{"line":38,"column":46}}],"line":38},"10":{"loc":{"start":{"line":39,"column":44},"end":{"line":39,"column":74}},"type":"binary-expr","locations":[{"start":{"line":39,"column":44},"end":{"line":39,"column":64}},{"start":{"line":39,"column":68},"end":{"line":39,"column":74}}],"line":39},"11":{"loc":{"start":{"line":41,"column":57},"end":{"line":41,"column":91}},"type":"binary-expr","locations":[{"start":{"line":41,"column":57},"end":{"line":41,"column":72}},{"start":{"line":41,"column":76},"end":{"line":41,"column":91}}],"line":41},"12":{"loc":{"start":{"line":60,"column":4},"end":{"line":64,"column":5}},"type":"if","locations":[{"start":{"line":60,"column":4},"end":{"line":64,"column":5}},{"start":{"line":60,"column":4},"end":{"line":64,"column":5}}],"line":60}},"s":{"0":1,"1":0,"2":0,"3":0,"4":0,"5":0,"6":0,"7":0,"8":0,"9":0,"10":0,"11":0,"12":0,"13":0,"14":0,"15":0},"f":{"0":0,"1":0,"2":0},"b":{"0":[0,0],"1":[0,0],"2":[0,0],"3":[0,0],"4":[0,0],"5":[0,0],"6":[0,0],"7":[0,0],"8":[0,0],"9":[0,0],"10":[0,0],"11":[0,0],"12":[0,0]},"_coverageSchema":"43e27e138ebf9cfc5966b082cf9a028302ed4184","hash":"23487efdab2ce58222ff78f78666361142910583"}
,"/home/allyjr/Elsa/mobile/providers/app/components/switch/switch.story.tsx": {"path":"/home/allyjr/Elsa/mobile/providers/app/components/switch/switch.story.tsx","statementMap":{"0":{"start":{"line":13,"column":32},"end":{"line":13,"column":60}},"1":{"start":{"line":15,"column":35},"end":{"line":21,"column":1}},"2":{"start":{"line":22,"column":34},"end":{"line":31,"column":1}},"3":{"start":{"line":32,"column":35},"end":{"line":41,"column":1}},"4":{"start":{"line":42,"column":34},"end":{"line":49,"column":1}},"5":{"start":{"line":51,"column":0},"end":{"line":110,"column":4}},"6":{"start":{"line":52,"column":22},"end":{"line":52,"column":55}},"7":{"start":{"line":54,"column":4},"end":{"line":66,"column":12}},"8":{"start":{"line":57,"column":31},"end":{"line":57,"column":70}},"9":{"start":{"line":69,"column":4},"end":{"line":109,"column":12}},"10":{"start":{"line":73,"column":12},"end":{"line":82,"column":19}},"11":{"start":{"line":90,"column":12},"end":{"line":105,"column":19}}},"fnMap":{"0":{"name":"(anonymous_0)","decl":{"start":{"line":52,"column":16},"end":{"line":52,"column":17}},"loc":{"start":{"line":52,"column":22},"end":{"line":52,"column":55}},"line":52},"1":{"name":"(anonymous_1)","decl":{"start":{"line":53,"column":20},"end":{"line":53,"column":21}},"loc":{"start":{"line":54,"column":4},"end":{"line":66,"column":12}},"line":54},"2":{"name":"(anonymous_2)","decl":{"start":{"line":57,"column":11},"end":{"line":57,"column":12}},"loc":{"start":{"line":57,"column":31},"end":{"line":57,"column":70}},"line":57},"3":{"name":"(anonymous_3)","decl":{"start":{"line":68,"column":18},"end":{"line":68,"column":19}},"loc":{"start":{"line":69,"column":4},"end":{"line":109,"column":12}},"line":69},"4":{"name":"(anonymous_4)","decl":{"start":{"line":72,"column":11},"end":{"line":72,"column":12}},"loc":{"start":{"line":73,"column":12},"end":{"line":82,"column":19}},"line":73},"5":{"name":"(anonymous_5)","decl":{"start":{"line":89,"column":11},"end":{"line":89,"column":12}},"loc":{"start":{"line":90,"column":12},"end":{"line":105,"column":19}},"line":90}},"branchMap":{},"s":{"0":1,"1":1,"2":1,"3":1,"4":1,"5":1,"6":2,"7":1,"8":1,"9":1,"10":1,"11":1},"f":{"0":2,"1":1,"2":1,"3":1,"4":1,"5":1},"b":{},"_coverageSchema":"43e27e138ebf9cfc5966b082cf9a028302ed4184","hash":"8a49c18f09c7d74f0354289aeb574c3e7e0ee7d6"}
,"/home/allyjr/Elsa/mobile/providers/app/components/switch/switch.tsx": {"path":"/home/allyjr/Elsa/mobile/providers/app/components/switch/switch.tsx","statementMap":{"0":{"start":{"line":8,"column":19},"end":{"line":8,"column":21}},"1":{"start":{"line":9,"column":14},"end":{"line":9,"column":16}},"2":{"start":{"line":10,"column":15},"end":{"line":10,"column":16}},"3":{"start":{"line":11,"column":21},"end":{"line":11,"column":25}},"4":{"start":{"line":12,"column":20},"end":{"line":12,"column":47}},"5":{"start":{"line":13,"column":22},"end":{"line":13,"column":42}},"6":{"start":{"line":16,"column":17},"end":{"line":16,"column":30}},"7":{"start":{"line":17,"column":18},"end":{"line":17,"column":40}},"8":{"start":{"line":18,"column":24},"end":{"line":18,"column":32}},"9":{"start":{"line":19,"column":25},"end":{"line":19,"column":45}},"10":{"start":{"line":22,"column":17},"end":{"line":22,"column":20}},"11":{"start":{"line":25,"column":14},"end":{"line":31,"column":1}},"12":{"start":{"line":34,"column":25},"end":{"line":47,"column":1}},"13":{"start":{"line":49,"column":16},"end":{"line":51,"column":1}},"14":{"start":{"line":50,"column":2},"end":{"line":50,"column":46}},"15":{"start":{"line":53,"column":26},"end":{"line":53,"column":74}},"16":{"start":{"line":53,"column":38},"end":{"line":53,"column":74}},"17":{"start":{"line":55,"column":60},"end":{"line":115,"column":1}},"18":{"start":{"line":56,"column":18},"end":{"line":56,"column":80}},"19":{"start":{"line":57,"column":25},"end":{"line":69,"column":3}},"20":{"start":{"line":58,"column":10},"end":{"line":67,"column":5}},"21":{"start":{"line":59,"column":22},"end":{"line":59,"column":38}},"22":{"start":{"line":60,"column":21},"end":{"line":60,"column":46}},"23":{"start":{"line":61,"column":6},"end":{"line":66,"column":16}},"24":{"start":{"line":71,"column":44},"end":{"line":71,"column":80}},"25":{"start":{"line":72,"column":2},"end":{"line":77,"column":19}},"26":{"start":{"line":73,"column":4},"end":{"line":76,"column":5}},"27":{"start":{"line":74,"column":6},"end":{"line":74,"column":33}},"28":{"start":{"line":75,"column":6},"end":{"line":75,"column":35}},"29":{"start":{"line":79,"column":22},"end":{"line":82,"column":4}},"30":{"start":{"line":79,"column":42},"end":{"line":79,"column":94}},"31":{"start":{"line":79,"column":48},"end":{"line":79,"column":94}},"32":{"start":{"line":84,"column":2},"end":{"line":86,"column":3}},"33":{"start":{"line":85,"column":4},"end":{"line":85,"column":15}},"34":{"start":{"line":88,"column":21},"end":{"line":91,"column":4}},"35":{"start":{"line":93,"column":16},"end":{"line":93,"column":40}},"36":{"start":{"line":95,"column":19},"end":{"line":95,"column":24}},"37":{"start":{"line":96,"column":2},"end":{"line":99,"column":4}},"38":{"start":{"line":100,"column":2},"end":{"line":100,"column":90}},"39":{"start":{"line":102,"column":19},"end":{"line":102,"column":24}},"40":{"start":{"line":103,"column":2},"end":{"line":105,"column":4}},"41":{"start":{"line":106,"column":2},"end":{"line":106,"column":90}},"42":{"start":{"line":108,"column":2},"end":{"line":114,"column":3}}},"fnMap":{"0":{"name":"(anonymous_0)","decl":{"start":{"line":49,"column":16},"end":{"line":49,"column":17}},"loc":{"start":{"line":49,"column":43},"end":{"line":51,"column":1}},"line":49},"1":{"name":"(anonymous_1)","decl":{"start":{"line":53,"column":26},"end":{"line":53,"column":27}},"loc":{"start":{"line":53,"column":38},"end":{"line":53,"column":74}},"line":53},"2":{"name":"(anonymous_2)","decl":{"start":{"line":55,"column":60},"end":{"line":55,"column":61}},"loc":{"start":{"line":55,"column":69},"end":{"line":115,"column":1}},"line":55},"3":{"name":"(anonymous_3)","decl":{"start":{"line":58,"column":4},"end":{"line":58,"column":5}},"loc":{"start":{"line":58,"column":10},"end":{"line":67,"column":5}},"line":58},"4":{"name":"(anonymous_4)","decl":{"start":{"line":58,"column":10},"end":{"line":58,"column":11}},"loc":{"start":{"line":58,"column":33},"end":{"line":67,"column":5}},"line":58},"5":{"name":"(anonymous_5)","decl":{"start":{"line":72,"column":18},"end":{"line":72,"column":19}},"loc":{"start":{"line":72,"column":24},"end":{"line":77,"column":3}},"line":72},"6":{"name":"(anonymous_6)","decl":{"start":{"line":79,"column":36},"end":{"line":79,"column":37}},"loc":{"start":{"line":79,"column":42},"end":{"line":79,"column":94}},"line":79},"7":{"name":"(anonymous_7)","decl":{"start":{"line":79,"column":42},"end":{"line":79,"column":43}},"loc":{"start":{"line":79,"column":48},"end":{"line":79,"column":94}},"line":79}},"branchMap":{"0":{"loc":{"start":{"line":53,"column":57},"end":{"line":53,"column":73}},"type":"cond-expr","locations":[{"start":{"line":53,"column":68},"end":{"line":53,"column":69}},{"start":{"line":53,"column":72},"end":{"line":53,"column":73}}],"line":53},"1":{"loc":{"start":{"line":59,"column":22},"end":{"line":59,"column":38}},"type":"cond-expr","locations":[{"start":{"line":59,"column":33},"end":{"line":59,"column":34}},{"start":{"line":59,"column":37},"end":{"line":59,"column":38}}],"line":59},"2":{"loc":{"start":{"line":73,"column":4},"end":{"line":76,"column":5}},"type":"if","locations":[{"start":{"line":73,"column":4},"end":{"line":76,"column":5}},{"start":{"line":73,"column":4},"end":{"line":76,"column":5}}],"line":73},"3":{"loc":{"start":{"line":79,"column":48},"end":{"line":79,"column":94}},"type":"binary-expr","locations":[{"start":{"line":79,"column":48},"end":{"line":79,"column":62}},{"start":{"line":79,"column":66},"end":{"line":79,"column":94}}],"line":79},"4":{"loc":{"start":{"line":84,"column":2},"end":{"line":86,"column":3}},"type":"if","locations":[{"start":{"line":84,"column":2},"end":{"line":86,"column":3}},{"start":{"line":84,"column":2},"end":{"line":86,"column":3}}],"line":84},"5":{"loc":{"start":{"line":97,"column":21},"end":{"line":97,"column":55}},"type":"cond-expr","locations":[{"start":{"line":97,"column":35},"end":{"line":97,"column":43}},{"start":{"line":97,"column":46},"end":{"line":97,"column":55}}],"line":97},"6":{"loc":{"start":{"line":98,"column":17},"end":{"line":98,"column":65}},"type":"cond-expr","locations":[{"start":{"line":98,"column":31},"end":{"line":98,"column":46}},{"start":{"line":98,"column":49},"end":{"line":98,"column":65}}],"line":98},"7":{"loc":{"start":{"line":100,"column":35},"end":{"line":100,"column":89}},"type":"cond-expr","locations":[{"start":{"line":100,"column":49},"end":{"line":100,"column":67}},{"start":{"line":100,"column":70},"end":{"line":100,"column":89}}],"line":100},"8":{"loc":{"start":{"line":106,"column":35},"end":{"line":106,"column":89}},"type":"cond-expr","locations":[{"start":{"line":106,"column":49},"end":{"line":106,"column":67}},{"start":{"line":106,"column":70},"end":{"line":106,"column":89}}],"line":106}},"s":{"0":1,"1":1,"2":1,"3":1,"4":1,"5":1,"6":1,"7":1,"8":1,"9":1,"10":1,"11":1,"12":1,"13":1,"14":25,"15":1,"16":5,"17":1,"18":5,"19":5,"20":5,"21":0,"22":0,"23":0,"24":5,"25":5,"26":5,"27":0,"28":0,"29":5,"30":5,"31":0,"32":5,"33":0,"34":5,"35":5,"36":5,"37":5,"38":5,"39":5,"40":5,"41":5,"42":5},"f":{"0":25,"1":5,"2":5,"3":5,"4":0,"5":5,"6":5,"7":0},"b":{"0":[1,4],"1":[0,0],"2":[0,5],"3":[0,0],"4":[0,5],"5":[1,4],"6":[1,4],"7":[1,4],"8":[1,4]},"_coverageSchema":"43e27e138ebf9cfc5966b082cf9a028302ed4184","hash":"ec9276627c255f107015d7acc867bbeec3968d15"}
,"/home/allyjr/Elsa/mobile/providers/app/components/text/text.presets.ts": {"path":"/home/allyjr/Elsa/mobile/providers/app/components/text/text.presets.ts","statementMap":{"0":{"start":{"line":7,"column":24},"end":{"line":11,"column":1}},"1":{"start":{"line":18,"column":23},"end":{"line":43,"column":1}}},"fnMap":{},"branchMap":{},"s":{"0":1,"1":1},"f":{},"b":{},"_coverageSchema":"43e27e138ebf9cfc5966b082cf9a028302ed4184","hash":"998a5825b4d12accbd466a0b8db7553e9a402a44"}
,"/home/allyjr/Elsa/mobile/providers/app/components/text/text.story.tsx": {"path":"/home/allyjr/Elsa/mobile/providers/app/components/text/text.story.tsx","statementMap":{"0":{"start":{"line":13,"column":18},"end":{"line":16,"column":1}},"1":{"start":{"line":17,"column":36},"end":{"line":17,"column":79}},"2":{"start":{"line":19,"column":0},"end":{"line":92,"column":4}},"3":{"start":{"line":20,"column":22},"end":{"line":20,"column":55}},"4":{"start":{"line":22,"column":4},"end":{"line":45,"column":12}},"5":{"start":{"line":48,"column":4},"end":{"line":79,"column":12}},"6":{"start":{"line":82,"column":4},"end":{"line":91,"column":12}}},"fnMap":{"0":{"name":"(anonymous_0)","decl":{"start":{"line":20,"column":16},"end":{"line":20,"column":17}},"loc":{"start":{"line":20,"column":22},"end":{"line":20,"column":55}},"line":20},"1":{"name":"(anonymous_1)","decl":{"start":{"line":21,"column":24},"end":{"line":21,"column":25}},"loc":{"start":{"line":22,"column":4},"end":{"line":45,"column":12}},"line":22},"2":{"name":"(anonymous_2)","decl":{"start":{"line":47,"column":26},"end":{"line":47,"column":27}},"loc":{"start":{"line":48,"column":4},"end":{"line":79,"column":12}},"line":48},"3":{"name":"(anonymous_3)","decl":{"start":{"line":81,"column":18},"end":{"line":81,"column":19}},"loc":{"start":{"line":82,"column":4},"end":{"line":91,"column":12}},"line":82}},"branchMap":{},"s":{"0":1,"1":1,"2":1,"3":3,"4":1,"5":1,"6":1},"f":{"0":3,"1":1,"2":1,"3":1},"b":{},"_coverageSchema":"43e27e138ebf9cfc5966b082cf9a028302ed4184","hash":"22a90363e1cb46ca1b22e5ff567da083755f110e"}
,"/home/allyjr/Elsa/mobile/providers/app/components/text/text.tsx": {"path":"/home/allyjr/Elsa/mobile/providers/app/components/text/text.tsx","statementMap":{"0":{"start":{"line":9,"column":15},"end":{"line":46,"column":2}},"1":{"start":{"line":66,"column":8},"end":{"line":66,"column":13}},"2":{"start":{"line":69,"column":21},"end":{"line":69,"column":51}},"3":{"start":{"line":70,"column":20},"end":{"line":70,"column":48}},"4":{"start":{"line":72,"column":18},"end":{"line":72,"column":88}},"5":{"start":{"line":74,"column":4},"end":{"line":78,"column":5}}},"fnMap":{"0":{"name":"Text","decl":{"start":{"line":53,"column":16},"end":{"line":53,"column":20}},"loc":{"start":{"line":53,"column":39},"end":{"line":79,"column":1}},"line":53}},"branchMap":{"0":{"loc":{"start":{"line":56,"column":8},"end":{"line":56,"column":26}},"type":"default-arg","locations":[{"start":{"line":56,"column":17},"end":{"line":56,"column":26}}],"line":56},"1":{"loc":{"start":{"line":62,"column":8},"end":{"line":62,"column":24}},"type":"default-arg","locations":[{"start":{"line":62,"column":15},"end":{"line":62,"column":24}}],"line":62},"2":{"loc":{"start":{"line":63,"column":8},"end":{"line":63,"column":22}},"type":"default-arg","locations":[{"start":{"line":63,"column":16},"end":{"line":63,"column":22}}],"line":63},"3":{"loc":{"start":{"line":64,"column":8},"end":{"line":64,"column":25}},"type":"default-arg","locations":[{"start":{"line":64,"column":16},"end":{"line":64,"column":25}}],"line":64},"4":{"loc":{"start":{"line":69,"column":21},"end":{"line":69,"column":51}},"type":"binary-expr","locations":[{"start":{"line":69,"column":21},"end":{"line":69,"column":23}},{"start":{"line":69,"column":27},"end":{"line":69,"column":51}}],"line":69},"5":{"loc":{"start":{"line":70,"column":20},"end":{"line":70,"column":48}},"type":"binary-expr","locations":[{"start":{"line":70,"column":20},"end":{"line":70,"column":28}},{"start":{"line":70,"column":32},"end":{"line":70,"column":36}},{"start":{"line":70,"column":40},"end":{"line":70,"column":48}}],"line":70},"6":{"loc":{"start":{"line":72,"column":36},"end":{"line":72,"column":70}},"type":"binary-expr","locations":[{"start":{"line":72,"column":36},"end":{"line":72,"column":51}},{"start":{"line":72,"column":55},"end":{"line":72,"column":70}}],"line":72}},"s":{"0":1,"1":54,"2":54,"3":54,"4":54,"5":54},"f":{"0":54},"b":{"0":[38],"1":[51],"2":[54],"3":[54],"4":[54,3],"5":[54,51,27],"6":[54,0]},"_coverageSchema":"43e27e138ebf9cfc5966b082cf9a028302ed4184","hash":"644955a873e0b7e47e6c412d124424be4dcf2f21"}
,"/home/allyjr/Elsa/mobile/providers/app/components/text-field/text-field.story.tsx": {"path":"/home/allyjr/Elsa/mobile/providers/app/components/text-field/text-field.story.tsx","statementMap":{"0":{"start":{"line":13,"column":32},"end":{"line":13,"column":80}},"1":{"start":{"line":15,"column":37},"end":{"line":26,"column":1}},"2":{"start":{"line":27,"column":23},"end":{"line":27,"column":27}},"3":{"start":{"line":29,"column":0},"end":{"line":159,"column":4}},"4":{"start":{"line":30,"column":22},"end":{"line":30,"column":55}},"5":{"start":{"line":32,"column":4},"end":{"line":58,"column":12}},"6":{"start":{"line":36,"column":12},"end":{"line":41,"column":14}},"7":{"start":{"line":37,"column":37},"end":{"line":37,"column":56}},"8":{"start":{"line":49,"column":12},"end":{"line":54,"column":14}},"9":{"start":{"line":50,"column":37},"end":{"line":50,"column":56}},"10":{"start":{"line":61,"column":4},"end":{"line":126,"column":12}},"11":{"start":{"line":69,"column":12},"end":{"line":74,"column":14}},"12":{"start":{"line":70,"column":37},"end":{"line":70,"column":56}},"13":{"start":{"line":79,"column":12},"end":{"line":84,"column":14}},"14":{"start":{"line":80,"column":37},"end":{"line":80,"column":56}},"15":{"start":{"line":94,"column":12},"end":{"line":106,"column":14}},"16":{"start":{"line":95,"column":37},"end":{"line":95,"column":56}},"17":{"start":{"line":115,"column":12},"end":{"line":121,"column":14}},"18":{"start":{"line":116,"column":37},"end":{"line":116,"column":56}},"19":{"start":{"line":129,"column":4},"end":{"line":158,"column":12}},"20":{"start":{"line":133,"column":12},"end":{"line":153,"column":14}},"21":{"start":{"line":134,"column":37},"end":{"line":134,"column":56}},"22":{"start":{"line":145,"column":35},"end":{"line":145,"column":38}},"23":{"start":{"line":147,"column":16},"end":{"line":151,"column":17}},"24":{"start":{"line":149,"column":18},"end":{"line":149,"column":42}},"25":{"start":{"line":150,"column":18},"end":{"line":150,"column":72}}},"fnMap":{"0":{"name":"(anonymous_0)","decl":{"start":{"line":30,"column":16},"end":{"line":30,"column":17}},"loc":{"start":{"line":30,"column":22},"end":{"line":30,"column":55}},"line":30},"1":{"name":"(anonymous_1)","decl":{"start":{"line":31,"column":20},"end":{"line":31,"column":21}},"loc":{"start":{"line":32,"column":4},"end":{"line":58,"column":12}},"line":32},"2":{"name":"(anonymous_2)","decl":{"start":{"line":35,"column":11},"end":{"line":35,"column":12}},"loc":{"start":{"line":36,"column":12},"end":{"line":41,"column":14}},"line":36},"3":{"name":"(anonymous_3)","decl":{"start":{"line":37,"column":28},"end":{"line":37,"column":29}},"loc":{"start":{"line":37,"column":37},"end":{"line":37,"column":56}},"line":37},"4":{"name":"(anonymous_4)","decl":{"start":{"line":48,"column":11},"end":{"line":48,"column":12}},"loc":{"start":{"line":49,"column":12},"end":{"line":54,"column":14}},"line":49},"5":{"name":"(anonymous_5)","decl":{"start":{"line":50,"column":28},"end":{"line":50,"column":29}},"loc":{"start":{"line":50,"column":37},"end":{"line":50,"column":56}},"line":50},"6":{"name":"(anonymous_6)","decl":{"start":{"line":60,"column":26},"end":{"line":60,"column":27}},"loc":{"start":{"line":61,"column":4},"end":{"line":126,"column":12}},"line":61},"7":{"name":"(anonymous_7)","decl":{"start":{"line":68,"column":11},"end":{"line":68,"column":12}},"loc":{"start":{"line":69,"column":12},"end":{"line":74,"column":14}},"line":69},"8":{"name":"(anonymous_8)","decl":{"start":{"line":70,"column":28},"end":{"line":70,"column":29}},"loc":{"start":{"line":70,"column":37},"end":{"line":70,"column":56}},"line":70},"9":{"name":"(anonymous_9)","decl":{"start":{"line":78,"column":11},"end":{"line":78,"column":12}},"loc":{"start":{"line":79,"column":12},"end":{"line":84,"column":14}},"line":79},"10":{"name":"(anonymous_10)","decl":{"start":{"line":80,"column":28},"end":{"line":80,"column":29}},"loc":{"start":{"line":80,"column":37},"end":{"line":80,"column":56}},"line":80},"11":{"name":"(anonymous_11)","decl":{"start":{"line":93,"column":11},"end":{"line":93,"column":12}},"loc":{"start":{"line":94,"column":12},"end":{"line":106,"column":14}},"line":94},"12":{"name":"(anonymous_12)","decl":{"start":{"line":95,"column":28},"end":{"line":95,"column":29}},"loc":{"start":{"line":95,"column":37},"end":{"line":95,"column":56}},"line":95},"13":{"name":"(anonymous_13)","decl":{"start":{"line":114,"column":11},"end":{"line":114,"column":12}},"loc":{"start":{"line":115,"column":12},"end":{"line":121,"column":14}},"line":115},"14":{"name":"(anonymous_14)","decl":{"start":{"line":116,"column":28},"end":{"line":116,"column":29}},"loc":{"start":{"line":116,"column":37},"end":{"line":116,"column":56}},"line":116},"15":{"name":"(anonymous_15)","decl":{"start":{"line":128,"column":25},"end":{"line":128,"column":26}},"loc":{"start":{"line":129,"column":4},"end":{"line":158,"column":12}},"line":129},"16":{"name":"(anonymous_16)","decl":{"start":{"line":132,"column":11},"end":{"line":132,"column":12}},"loc":{"start":{"line":133,"column":12},"end":{"line":153,"column":14}},"line":133},"17":{"name":"(anonymous_17)","decl":{"start":{"line":134,"column":28},"end":{"line":134,"column":29}},"loc":{"start":{"line":134,"column":37},"end":{"line":134,"column":56}},"line":134},"18":{"name":"(anonymous_18)","decl":{"start":{"line":145,"column":28},"end":{"line":145,"column":29}},"loc":{"start":{"line":145,"column":35},"end":{"line":145,"column":38}},"line":145},"19":{"name":"(anonymous_19)","decl":{"start":{"line":146,"column":23},"end":{"line":146,"column":24}},"loc":{"start":{"line":146,"column":29},"end":{"line":152,"column":15}},"line":146}},"branchMap":{"0":{"loc":{"start":{"line":147,"column":16},"end":{"line":151,"column":17}},"type":"if","locations":[{"start":{"line":147,"column":16},"end":{"line":151,"column":17}},{"start":{"line":147,"column":16},"end":{"line":151,"column":17}}],"line":147}},"s":{"0":1,"1":1,"2":1,"3":1,"4":3,"5":1,"6":1,"7":0,"8":1,"9":0,"10":1,"11":1,"12":0,"13":1,"14":0,"15":1,"16":0,"17":1,"18":0,"19":1,"20":1,"21":0,"22":2,"23":0,"24":0,"25":0},"f":{"0":3,"1":1,"2":1,"3":0,"4":1,"5":0,"6":1,"7":1,"8":0,"9":1,"10":0,"11":1,"12":0,"13":1,"14":0,"15":1,"16":1,"17":0,"18":2,"19":0},"b":{"0":[0,0]},"_coverageSchema":"43e27e138ebf9cfc5966b082cf9a028302ed4184","hash":"cb6f91996613b42edba63ec8232fe0de89de566b"}
,"/home/allyjr/Elsa/mobile/providers/app/components/text-field/text-field.tsx": {"path":"/home/allyjr/Elsa/mobile/providers/app/components/text-field/text-field.tsx","statementMap":{"0":{"start":{"line":10,"column":29},"end":{"line":12,"column":1}},"1":{"start":{"line":15,"column":25},"end":{"line":21,"column":1}},"2":{"start":{"line":24,"column":47},"end":{"line":26,"column":1}},"3":{"start":{"line":28,"column":16},"end":{"line":30,"column":1}},"4":{"start":{"line":29,"column":2},"end":{"line":29,"column":50}},"5":{"start":{"line":35,"column":66},"end":{"line":67,"column":1}},"6":{"start":{"line":46,"column":6},"end":{"line":46,"column":11}},"7":{"start":{"line":47,"column":34},"end":{"line":47,"column":70}},"8":{"start":{"line":48,"column":2},"end":{"line":48,"column":57}},"9":{"start":{"line":50,"column":30},"end":{"line":50,"column":35}},"10":{"start":{"line":51,"column":2},"end":{"line":51,"column":54}},"11":{"start":{"line":52,"column":28},"end":{"line":52,"column":82}},"12":{"start":{"line":54,"column":2},"end":{"line":66,"column":3}}},"fnMap":{"0":{"name":"(anonymous_0)","decl":{"start":{"line":28,"column":16},"end":{"line":28,"column":17}},"loc":{"start":{"line":28,"column":42},"end":{"line":30,"column":1}},"line":28},"1":{"name":"(anonymous_1)","decl":{"start":{"line":35,"column":66},"end":{"line":35,"column":67}},"loc":{"start":{"line":35,"column":75},"end":{"line":67,"column":1}},"line":35}},"branchMap":{"0":{"loc":{"start":{"line":41,"column":4},"end":{"line":41,"column":22}},"type":"default-arg","locations":[{"start":{"line":41,"column":13},"end":{"line":41,"column":22}}],"line":41},"1":{"loc":{"start":{"line":52,"column":28},"end":{"line":52,"column":82}},"type":"cond-expr","locations":[{"start":{"line":52,"column":44},"end":{"line":52,"column":68}},{"start":{"line":52,"column":71},"end":{"line":52,"column":82}}],"line":52}},"s":{"0":1,"1":1,"2":1,"3":1,"4":14,"5":1,"6":7,"7":7,"8":7,"9":7,"10":7,"11":7,"12":7},"f":{"0":14,"1":7},"b":{"0":[7],"1":[1,6]},"_coverageSchema":"43e27e138ebf9cfc5966b082cf9a028302ed4184","hash":"7f150465e08c45243af8d77f9fd405b2c29e2482"}
,"/home/allyjr/Elsa/mobile/providers/app/components/wallpaper/bg.png": {"path":"/home/allyjr/Elsa/mobile/providers/app/components/wallpaper/bg.png","statementMap":{"0":{"start":{"line":1,"column":0},"end":{"line":4,"column":6}}},"fnMap":{},"branchMap":{},"s":{"0":1},"f":{},"b":{},"_coverageSchema":"43e27e138ebf9cfc5966b082cf9a028302ed4184","hash":"eb91510ce20b6ffa54968592841f06a867ec1531"}
,"/home/allyjr/Elsa/mobile/providers/app/components/wallpaper/wallpaper.presets.ts": {"path":"/home/allyjr/Elsa/mobile/providers/app/components/wallpaper/wallpaper.presets.ts","statementMap":{"0":{"start":{"line":6,"column":25},"end":{"line":12,"column":1}},"1":{"start":{"line":19,"column":23},"end":{"line":29,"column":1}}},"fnMap":{},"branchMap":{},"s":{"0":1,"1":1},"f":{},"b":{},"_coverageSchema":"43e27e138ebf9cfc5966b082cf9a028302ed4184","hash":"95535182e34c2223d9e77f8f2f6098ad050b686b"}
,"/home/allyjr/Elsa/mobile/providers/app/components/wallpaper/wallpaper.story.tsx": {"path":"/home/allyjr/Elsa/mobile/providers/app/components/wallpaper/wallpaper.story.tsx","statementMap":{"0":{"start":{"line":8,"column":0},"end":{"line":16,"column":4}},"1":{"start":{"line":9,"column":22},"end":{"line":9,"column":55}},"2":{"start":{"line":11,"column":4},"end":{"line":15,"column":12}}},"fnMap":{"0":{"name":"(anonymous_0)","decl":{"start":{"line":9,"column":16},"end":{"line":9,"column":17}},"loc":{"start":{"line":9,"column":22},"end":{"line":9,"column":55}},"line":9},"1":{"name":"(anonymous_1)","decl":{"start":{"line":10,"column":24},"end":{"line":10,"column":25}},"loc":{"start":{"line":11,"column":4},"end":{"line":15,"column":12}},"line":11}},"branchMap":{},"s":{"0":1,"1":1,"2":1},"f":{"0":1,"1":1},"b":{},"_coverageSchema":"43e27e138ebf9cfc5966b082cf9a028302ed4184","hash":"399c2362eb8a484af271540527acb40717b165f2"}
,"/home/allyjr/Elsa/mobile/providers/app/components/wallpaper/wallpaper.tsx": {"path":"/home/allyjr/Elsa/mobile/providers/app/components/wallpaper/wallpaper.tsx","statementMap":{"0":{"start":{"line":6,"column":21},"end":{"line":6,"column":40}},"1":{"start":{"line":15,"column":72},"end":{"line":15,"column":77}},"2":{"start":{"line":18,"column":22},"end":{"line":18,"column":56}},"3":{"start":{"line":19,"column":16},"end":{"line":19,"column":52}},"4":{"start":{"line":22,"column":17},"end":{"line":22,"column":48}},"5":{"start":{"line":24,"column":2},"end":{"line":24,"column":48}}},"fnMap":{"0":{"name":"Wallpaper","decl":{"start":{"line":13,"column":16},"end":{"line":13,"column":25}},"loc":{"start":{"line":13,"column":49},"end":{"line":25,"column":1}},"line":13}},"branchMap":{"0":{"loc":{"start":{"line":15,"column":10},"end":{"line":15,"column":28}},"type":"default-arg","locations":[{"start":{"line":15,"column":19},"end":{"line":15,"column":28}}],"line":15},"1":{"loc":{"start":{"line":18,"column":22},"end":{"line":18,"column":56}},"type":"binary-expr","locations":[{"start":{"line":18,"column":22},"end":{"line":18,"column":37}},{"start":{"line":18,"column":41},"end":{"line":18,"column":56}}],"line":18},"2":{"loc":{"start":{"line":22,"column":17},"end":{"line":22,"column":48}},"type":"binary-expr","locations":[{"start":{"line":22,"column":17},"end":{"line":22,"column":32}},{"start":{"line":22,"column":36},"end":{"line":22,"column":48}}],"line":22}},"s":{"0":1,"1":1,"2":1,"3":1,"4":1,"5":1},"f":{"0":1},"b":{"0":[1],"1":[1,0],"2":[1,1]},"_coverageSchema":"43e27e138ebf9cfc5966b082cf9a028302ed4184","hash":"b15c2e705c130c9844393a66dcb771a6af57f89b"}
,"/home/allyjr/Elsa/mobile/providers/app/i18n/i18n.ts": {"path":"/home/allyjr/Elsa/mobile/providers/app/i18n/i18n.ts","statementMap":{"0":{"start":{"line":4,"column":11},"end":{"line":4,"column":26}},"1":{"start":{"line":5,"column":11},"end":{"line":5,"column":26}},"2":{"start":{"line":7,"column":0},"end":{"line":7,"column":21}},"3":{"start":{"line":8,"column":0},"end":{"line":8,"column":30}},"4":{"start":{"line":10,"column":17},"end":{"line":10,"column":52}},"5":{"start":{"line":13,"column":4},"end":{"line":13,"column":84}},"6":{"start":{"line":14,"column":0},"end":{"line":14,"column":25}}},"fnMap":{},"branchMap":{"0":{"loc":{"start":{"line":13,"column":4},"end":{"line":13,"column":84}},"type":"binary-expr","locations":[{"start":{"line":13,"column":4},"end":{"line":13,"column":72}},{"start":{"line":13,"column":76},"end":{"line":13,"column":84}}],"line":13}},"s":{"0":1,"1":1,"2":1,"3":1,"4":1,"5":1,"6":1},"f":{},"b":{"0":[1,0]},"_coverageSchema":"43e27e138ebf9cfc5966b082cf9a028302ed4184","hash":"6b646f9932bb5c61400a32471fd1446b01790fbd"}
,"/home/allyjr/Elsa/mobile/providers/app/i18n/index.ts": {"path":"/home/allyjr/Elsa/mobile/providers/app/i18n/index.ts","statementMap":{},"fnMap":{},"branchMap":{},"s":{},"f":{},"b":{},"_coverageSchema":"43e27e138ebf9cfc5966b082cf9a028302ed4184","hash":"a5f37e8bac8b63eda4a5fe084c44569e28f9d9c2"}
,"/home/allyjr/Elsa/mobile/providers/app/i18n/translate.ts": {"path":"/home/allyjr/Elsa/mobile/providers/app/i18n/translate.ts","statementMap":{"0":{"start":{"line":9,"column":2},"end":{"line":9,"column":42}}},"fnMap":{"0":{"name":"translate","decl":{"start":{"line":8,"column":16},"end":{"line":8,"column":25}},"loc":{"start":{"line":8,"column":57},"end":{"line":10,"column":1}},"line":8}},"branchMap":{"0":{"loc":{"start":{"line":9,"column":9},"end":{"line":9,"column":42}},"type":"cond-expr","locations":[{"start":{"line":9,"column":15},"end":{"line":9,"column":35}},{"start":{"line":9,"column":38},"end":{"line":9,"column":42}}],"line":9}},"s":{"0":7},"f":{"0":7},"b":{"0":[7,0]},"_coverageSchema":"43e27e138ebf9cfc5966b082cf9a028302ed4184","hash":"229b00c0294c47bfba36841aa423437d4284d94b"}
,"/home/allyjr/Elsa/mobile/providers/app/models/extensions/with-status.ts": {"path":"/home/allyjr/Elsa/mobile/providers/app/models/extensions/with-status.ts","statementMap":{"0":{"start":{"line":26,"column":26},"end":{"line":54,"column":1}},"1":{"start":{"line":30,"column":43},"end":{"line":30,"column":65}},"2":{"start":{"line":32,"column":2},"end":{"line":53,"column":3}},"3":{"start":{"line":36,"column":8},"end":{"line":36,"column":41}},"4":{"start":{"line":40,"column":8},"end":{"line":40,"column":25}},"5":{"start":{"line":50,"column":8},"end":{"line":50,"column":25}}},"fnMap":{"0":{"name":"(anonymous_0)","decl":{"start":{"line":26,"column":26},"end":{"line":26,"column":27}},"loc":{"start":{"line":26,"column":32},"end":{"line":54,"column":1}},"line":26},"1":{"name":"(anonymous_1)","decl":{"start":{"line":35,"column":6},"end":{"line":35,"column":7}},"loc":{"start":{"line":35,"column":19},"end":{"line":37,"column":7}},"line":35},"2":{"name":"(anonymous_2)","decl":{"start":{"line":39,"column":6},"end":{"line":39,"column":7}},"loc":{"start":{"line":39,"column":36},"end":{"line":41,"column":7}},"line":39},"3":{"name":"(anonymous_3)","decl":{"start":{"line":49,"column":6},"end":{"line":49,"column":7}},"loc":{"start":{"line":49,"column":35},"end":{"line":51,"column":7}},"line":49}},"branchMap":{},"s":{"0":1,"1":5,"2":5,"3":6,"4":2,"5":2},"f":{"0":5,"1":6,"2":2,"3":2},"b":{},"_coverageSchema":"43e27e138ebf9cfc5966b082cf9a028302ed4184","hash":"aeda0d047c402e26627f812cf70a602f789a1268"}
,"/home/allyjr/Elsa/mobile/providers/app/services/api/api-problem.ts": {"path":"/home/allyjr/Elsa/mobile/providers/app/services/api/api-problem.ts","statementMap":{"0":{"start":{"line":47,"column":2},"end":{"line":71,"column":3}},"1":{"start":{"line":49,"column":6},"end":{"line":49,"column":56}},"2":{"start":{"line":51,"column":6},"end":{"line":51,"column":56}},"3":{"start":{"line":53,"column":6},"end":{"line":53,"column":49}},"4":{"start":{"line":55,"column":6},"end":{"line":55,"column":31}},"5":{"start":{"line":57,"column":6},"end":{"line":57,"column":49}},"6":{"start":{"line":59,"column":6},"end":{"line":68,"column":7}},"7":{"start":{"line":61,"column":10},"end":{"line":61,"column":41}},"8":{"start":{"line":63,"column":10},"end":{"line":63,"column":38}},"9":{"start":{"line":65,"column":10},"end":{"line":65,"column":38}},"10":{"start":{"line":67,"column":10},"end":{"line":67,"column":37}},"11":{"start":{"line":70,"column":6},"end":{"line":70,"column":17}},"12":{"start":{"line":73,"column":2},"end":{"line":73,"column":13}}},"fnMap":{"0":{"name":"getGeneralApiProblem","decl":{"start":{"line":46,"column":16},"end":{"line":46,"column":36}},"loc":{"start":{"line":46,"column":91},"end":{"line":74,"column":1}},"line":46}},"branchMap":{"0":{"loc":{"start":{"line":47,"column":2},"end":{"line":71,"column":3}},"type":"switch","locations":[{"start":{"line":48,"column":4},"end":{"line":49,"column":56}},{"start":{"line":50,"column":4},"end":{"line":51,"column":56}},{"start":{"line":52,"column":4},"end":{"line":53,"column":49}},{"start":{"line":54,"column":4},"end":{"line":55,"column":31}},{"start":{"line":56,"column":4},"end":{"line":57,"column":49}},{"start":{"line":58,"column":4},"end":{"line":68,"column":7}},{"start":{"line":69,"column":4},"end":{"line":70,"column":17}}],"line":47},"1":{"loc":{"start":{"line":59,"column":6},"end":{"line":68,"column":7}},"type":"switch","locations":[{"start":{"line":60,"column":8},"end":{"line":61,"column":41}},{"start":{"line":62,"column":8},"end":{"line":63,"column":38}},{"start":{"line":64,"column":8},"end":{"line":65,"column":38}},{"start":{"line":66,"column":8},"end":{"line":67,"column":37}}],"line":59}},"s":{"0":10,"1":1,"2":1,"3":1,"4":1,"5":1,"6":4,"7":1,"8":1,"9":1,"10":1,"11":1,"12":0},"f":{"0":10},"b":{"0":[1,1,1,1,1,4,1],"1":[1,1,1,1]},"_coverageSchema":"43e27e138ebf9cfc5966b082cf9a028302ed4184","hash":"ba8bed827cbe50633bf29ae4ccb38be6ce589633"}
,"/home/allyjr/Elsa/mobile/providers/app/theme/color.ts": {"path":"/home/allyjr/Elsa/mobile/providers/app/theme/color.ts","statementMap":{"0":{"start":{"line":12,"column":21},"end":{"line":64,"column":1}}},"fnMap":{},"branchMap":{},"s":{"0":1},"f":{},"b":{},"_coverageSchema":"43e27e138ebf9cfc5966b082cf9a028302ed4184","hash":"6ac2f4d3a7f5d9b41d5275ab76e3dbd1324f7ca4"}
,"/home/allyjr/Elsa/mobile/providers/app/theme/index.ts": {"path":"/home/allyjr/Elsa/mobile/providers/app/theme/index.ts","statementMap":{},"fnMap":{},"branchMap":{},"s":{},"f":{},"b":{},"_coverageSchema":"43e27e138ebf9cfc5966b082cf9a028302ed4184","hash":"05d035f8c4bfb12f782260c924c92d6d9578fa5a"}
,"/home/allyjr/Elsa/mobile/providers/app/theme/palette.ts": {"path":"/home/allyjr/Elsa/mobile/providers/app/theme/palette.ts","statementMap":{"0":{"start":{"line":1,"column":23},"end":{"line":11,"column":1}}},"fnMap":{},"branchMap":{},"s":{"0":1},"f":{},"b":{},"_coverageSchema":"43e27e138ebf9cfc5966b082cf9a028302ed4184","hash":"d0eb659b8af06a8512b4b68bc6d31d007f5cc763"}
,"/home/allyjr/Elsa/mobile/providers/app/theme/spacing.ts": {"path":"/home/allyjr/Elsa/mobile/providers/app/theme/spacing.ts","statementMap":{"0":{"start":{"line":41,"column":23},"end":{"line":41,"column":56}}},"fnMap":{},"branchMap":{},"s":{"0":1},"f":{},"b":{},"_coverageSchema":"43e27e138ebf9cfc5966b082cf9a028302ed4184","hash":"58e8b0419840883a45bb8c45519154516c1e5744"}
,"/home/allyjr/Elsa/mobile/providers/app/theme/timing.ts": {"path":"/home/allyjr/Elsa/mobile/providers/app/theme/timing.ts","statementMap":{"0":{"start":{"line":1,"column":22},"end":{"line":6,"column":1}}},"fnMap":{},"branchMap":{},"s":{"0":1},"f":{},"b":{},"_coverageSchema":"43e27e138ebf9cfc5966b082cf9a028302ed4184","hash":"afd203b6bb5b548bcb7eef4bdc4450d861506a60"}
,"/home/allyjr/Elsa/mobile/providers/app/theme/typography.ts": {"path":"/home/allyjr/Elsa/mobile/providers/app/theme/typography.ts","statementMap":{"0":{"start":{"line":8,"column":26},"end":{"line":18,"column":1}}},"fnMap":{},"branchMap":{},"s":{"0":1},"f":{},"b":{},"_coverageSchema":"43e27e138ebf9cfc5966b082cf9a028302ed4184","hash":"3b97340da31e6a600a219ef69ce48359b32e175a"}
,"/home/allyjr/Elsa/mobile/providers/app/utils/storage/storage.ts": {"path":"/home/allyjr/Elsa/mobile/providers/app/utils/storage/storage.ts","statementMap":{"0":{"start":{"line":9,"column":2},"end":{"line":14,"column":3}},"1":{"start":{"line":10,"column":4},"end":{"line":10,"column":42}},"2":{"start":{"line":13,"column":4},"end":{"line":13,"column":15}},"3":{"start":{"line":24,"column":2},"end":{"line":29,"column":3}},"4":{"start":{"line":25,"column":4},"end":{"line":25,"column":42}},"5":{"start":{"line":26,"column":4},"end":{"line":26,"column":15}},"6":{"start":{"line":28,"column":4},"end":{"line":28,"column":16}},"7":{"start":{"line":38,"column":2},"end":{"line":43,"column":3}},"8":{"start":{"line":39,"column":24},"end":{"line":39,"column":55}},"9":{"start":{"line":40,"column":4},"end":{"line":40,"column":34}},"10":{"start":{"line":42,"column":4},"end":{"line":42,"column":15}},"11":{"start":{"line":53,"column":2},"end":{"line":58,"column":3}},"12":{"start":{"line":54,"column":4},"end":{"line":54,"column":58}},"13":{"start":{"line":55,"column":4},"end":{"line":55,"column":15}},"14":{"start":{"line":57,"column":4},"end":{"line":57,"column":16}},"15":{"start":{"line":67,"column":2},"end":{"line":69,"column":12}},"16":{"start":{"line":68,"column":4},"end":{"line":68,"column":38}},"17":{"start":{"line":76,"column":2},"end":{"line":78,"column":12}},"18":{"start":{"line":77,"column":4},"end":{"line":77,"column":30}}},"fnMap":{"0":{"name":"loadString","decl":{"start":{"line":8,"column":22},"end":{"line":8,"column":32}},"loc":{"start":{"line":8,"column":70},"end":{"line":15,"column":1}},"line":8},"1":{"name":"saveString","decl":{"start":{"line":23,"column":22},"end":{"line":23,"column":32}},"loc":{"start":{"line":23,"column":79},"end":{"line":30,"column":1}},"line":23},"2":{"name":"load","decl":{"start":{"line":37,"column":22},"end":{"line":37,"column":26}},"loc":{"start":{"line":37,"column":61},"end":{"line":44,"column":1}},"line":37},"3":{"name":"save","decl":{"start":{"line":52,"column":22},"end":{"line":52,"column":26}},"loc":{"start":{"line":52,"column":70},"end":{"line":59,"column":1}},"line":52},"4":{"name":"remove","decl":{"start":{"line":66,"column":22},"end":{"line":66,"column":28}},"loc":{"start":{"line":66,"column":57},"end":{"line":70,"column":1}},"line":66},"5":{"name":"clear","decl":{"start":{"line":75,"column":22},"end":{"line":75,"column":27}},"loc":{"start":{"line":75,"column":45},"end":{"line":79,"column":1}},"line":75}},"branchMap":{},"s":{"0":1,"1":1,"2":0,"3":1,"4":1,"5":1,"6":0,"7":1,"8":1,"9":1,"10":0,"11":1,"12":1,"13":1,"14":0,"15":1,"16":1,"17":1,"18":1},"f":{"0":1,"1":1,"2":1,"3":1,"4":1,"5":1},"b":{},"_coverageSchema":"43e27e138ebf9cfc5966b082cf9a028302ed4184","hash":"24b8012e48c84c866cabc02d7ad2f18de2f3fcde"}
,"/home/allyjr/Elsa/mobile/providers/storybook/index.ts": {"path":"/home/allyjr/Elsa/mobile/providers/storybook/index.ts","statementMap":{},"fnMap":{},"branchMap":{},"s":{},"f":{},"b":{},"_coverageSchema":"43e27e138ebf9cfc5966b082cf9a028302ed4184","hash":"ad30a8dddcf1fd28aea3d1f5519787e7545c3a51"}
,"/home/allyjr/Elsa/mobile/providers/storybook/storybook-registry.ts": {"path":"/home/allyjr/Elsa/mobile/providers/storybook/storybook-registry.ts","statementMap":{"0":{"start":{"line":1,"column":0},"end":{"line":1,"column":44}},"1":{"start":{"line":2,"column":0},"end":{"line":2,"column":48}},"2":{"start":{"line":3,"column":0},"end":{"line":3,"column":52}},"3":{"start":{"line":4,"column":0},"end":{"line":4,"column":48}},"4":{"start":{"line":5,"column":0},"end":{"line":5,"column":56}},"5":{"start":{"line":6,"column":0},"end":{"line":6,"column":52}},"6":{"start":{"line":7,"column":0},"end":{"line":7,"column":54}},"7":{"start":{"line":8,"column":0},"end":{"line":8,"column":44}},"8":{"start":{"line":9,"column":0},"end":{"line":9,"column":48}}},"fnMap":{},"branchMap":{},"s":{"0":1,"1":1,"2":1,"3":1,"4":1,"5":1,"6":1,"7":1,"8":1},"f":{},"b":{},"_coverageSchema":"43e27e138ebf9cfc5966b082cf9a028302ed4184","hash":"8513ab9a2eb9beca510cd9d9061b957218a52dd6"}
,"/home/allyjr/Elsa/mobile/providers/storybook/storybook.tsx": {"path":"/home/allyjr/Elsa/mobile/providers/storybook/storybook.tsx","statementMap":{"0":{"start":{"line":6,"column":0},"end":{"line":8,"column":10}},"1":{"start":{"line":7,"column":2},"end":{"line":7,"column":33}},"2":{"start":{"line":10,"column":20},"end":{"line":16,"column":2}},"3":{"start":{"line":18,"column":56},"end":{"line":30,"column":1}},"4":{"start":{"line":19,"column":2},"end":{"line":27,"column":8}},"5":{"start":{"line":20,"column":5},"end":{"line":26,"column":8}},"6":{"start":{"line":21,"column":6},"end":{"line":25,"column":7}},"7":{"start":{"line":22,"column":27},"end":{"line":22,"column":64}},"8":{"start":{"line":23,"column":27},"end":{"line":23,"column":54}},"9":{"start":{"line":24,"column":8},"end":{"line":24,"column":26}},"10":{"start":{"line":29,"column":2},"end":{"line":29,"column":24}}},"fnMap":{"0":{"name":"(anonymous_0)","decl":{"start":{"line":6,"column":10},"end":{"line":6,"column":11}},"loc":{"start":{"line":6,"column":16},"end":{"line":8,"column":1}},"line":6},"1":{"name":"(anonymous_1)","decl":{"start":{"line":18,"column":56},"end":{"line":18,"column":57}},"loc":{"start":{"line":18,"column":62},"end":{"line":30,"column":1}},"line":18},"2":{"name":"(anonymous_2)","decl":{"start":{"line":19,"column":12},"end":{"line":19,"column":13}},"loc":{"start":{"line":19,"column":18},"end":{"line":27,"column":3}},"line":19},"3":{"name":"(anonymous_3)","decl":{"start":{"line":20,"column":6},"end":{"line":20,"column":7}},"loc":{"start":{"line":20,"column":18},"end":{"line":26,"column":5}},"line":20}},"branchMap":{"0":{"loc":{"start":{"line":21,"column":6},"end":{"line":25,"column":7}},"type":"if","locations":[{"start":{"line":21,"column":6},"end":{"line":25,"column":7}},{"start":{"line":21,"column":6},"end":{"line":25,"column":7}}],"line":21},"1":{"loc":{"start":{"line":21,"column":10},"end":{"line":21,"column":54}},"type":"binary-expr","locations":[{"start":{"line":21,"column":10},"end":{"line":21,"column":41}},{"start":{"line":21,"column":45},"end":{"line":21,"column":54}}],"line":21}},"s":{"0":1,"1":1,"2":1,"3":1,"4":0,"5":0,"6":0,"7":0,"8":0,"9":0,"10":0},"f":{"0":1,"1":0,"2":0,"3":0},"b":{"0":[0,0],"1":[0,0]},"_coverageSchema":"43e27e138ebf9cfc5966b082cf9a028302ed4184","hash":"e7efba7f74428208afca60667307c10502f78c90"}
,"/home/allyjr/Elsa/mobile/providers/storybook/views/index.ts": {"path":"/home/allyjr/Elsa/mobile/providers/storybook/views/index.ts","statementMap":{},"fnMap":{},"branchMap":{},"s":{},"f":{},"b":{},"_coverageSchema":"43e27e138ebf9cfc5966b082cf9a028302ed4184","hash":"ed151df930182a314b0f1c8deb9c3e1f59c1b73c"}
,"/home/allyjr/Elsa/mobile/providers/storybook/views/story-screen.tsx": {"path":"/home/allyjr/Elsa/mobile/providers/storybook/views/story-screen.tsx","statementMap":{"0":{"start":{"line":4,"column":24},"end":{"line":4,"column":63}},"1":{"start":{"line":10,"column":17},"end":{"line":10,"column":57}},"2":{"start":{"line":11,"column":27},"end":{"line":15,"column":1}},"3":{"start":{"line":12,"column":2},"end":{"line":14,"column":25}}},"fnMap":{"0":{"name":"(anonymous_0)","decl":{"start":{"line":11,"column":27},"end":{"line":11,"column":28}},"loc":{"start":{"line":12,"column":2},"end":{"line":14,"column":25}},"line":12}},"branchMap":{"0":{"loc":{"start":{"line":10,"column":17},"end":{"line":10,"column":57}},"type":"cond-expr","locations":[{"start":{"line":10,"column":41},"end":{"line":10,"column":50}},{"start":{"line":10,"column":53},"end":{"line":10,"column":57}}],"line":10}},"s":{"0":1,"1":1,"2":1,"3":17},"f":{"0":17},"b":{"0":[1,0]},"_coverageSchema":"43e27e138ebf9cfc5966b082cf9a028302ed4184","hash":"9b4872bfdf61bff464860fd4a07e2a132675f500"}
,"/home/allyjr/Elsa/mobile/providers/storybook/views/story.tsx": {"path":"/home/allyjr/Elsa/mobile/providers/storybook/views/story.tsx","statementMap":{"0":{"start":{"line":8,"column":24},"end":{"line":8,"column":35}},"1":{"start":{"line":11,"column":2},"end":{"line":15,"column":3}}},"fnMap":{"0":{"name":"Story","decl":{"start":{"line":10,"column":16},"end":{"line":10,"column":21}},"loc":{"start":{"line":10,"column":41},"end":{"line":16,"column":1}},"line":10}},"branchMap":{},"s":{"0":1,"1":17},"f":{"0":17},"b":{},"_coverageSchema":"43e27e138ebf9cfc5966b082cf9a028302ed4184","hash":"83f72f4c7715546fbc331de7550c762050d35c95"}
,"/home/allyjr/Elsa/mobile/providers/storybook/views/use-case.tsx": {"path":"/home/allyjr/Elsa/mobile/providers/storybook/views/use-case.tsx","statementMap":{"0":{"start":{"line":4,"column":24},"end":{"line":4,"column":51}},"1":{"start":{"line":5,"column":25},"end":{"line":5,"column":64}},"2":{"start":{"line":6,"column":33},"end":{"line":6,"column":35}},"3":{"start":{"line":7,"column":36},"end":{"line":15,"column":1}},"4":{"start":{"line":16,"column":28},"end":{"line":21,"column":1}},"5":{"start":{"line":22,"column":25},"end":{"line":22,"column":71}},"6":{"start":{"line":23,"column":26},"end":{"line":29,"column":1}},"7":{"start":{"line":30,"column":29},"end":{"line":30,"column":56}},"8":{"start":{"line":48,"column":16},"end":{"line":53,"column":3}},"9":{"start":{"line":54,"column":2},"end":{"line":67,"column":3}}},"fnMap":{"0":{"name":"UseCase","decl":{"start":{"line":47,"column":16},"end":{"line":47,"column":23}},"loc":{"start":{"line":47,"column":45},"end":{"line":68,"column":1}},"line":47}},"branchMap":{"0":{"loc":{"start":{"line":50,"column":18},"end":{"line":50,"column":38}},"type":"cond-expr","locations":[{"start":{"line":50,"column":32},"end":{"line":50,"column":33}},{"start":{"line":50,"column":36},"end":{"line":50,"column":38}}],"line":50},"1":{"loc":{"start":{"line":51,"column":26},"end":{"line":51,"column":90}},"type":"cond-expr","locations":[{"start":{"line":51,"column":47},"end":{"line":51,"column":62}},{"start":{"line":51,"column":65},"end":{"line":51,"column":90}}],"line":51},"2":{"loc":{"start":{"line":63,"column":9},"end":{"line":63,"column":70}},"type":"cond-expr","locations":[{"start":{"line":63,"column":23},"end":{"line":63,"column":63}},{"start":{"line":63,"column":66},"end":{"line":63,"column":70}}],"line":63}},"s":{"0":1,"1":1,"2":1,"3":1,"4":1,"5":1,"6":1,"7":1,"8":45,"9":45},"f":{"0":45},"b":{"0":[4,41],"1":[0,45],"2":[44,1]},"_coverageSchema":"43e27e138ebf9cfc5966b082cf9a028302ed4184","hash":"295176afef149930d6be4a6de9aea00cc8cafc4c"}
,"/home/allyjr/Elsa/mobile/providers/test/mock-async-storage.ts": {"path":"/home/allyjr/Elsa/mobile/providers/test/mock-async-storage.ts","statementMap":{"0":{"start":{"line":3,"column":0},"end":{"line":3,"column":74}},"1":{"start":{"line":3,"column":57},"end":{"line":3,"column":73}}},"fnMap":{"0":{"name":"(anonymous_0)","decl":{"start":{"line":3,"column":51},"end":{"line":3,"column":52}},"loc":{"start":{"line":3,"column":57},"end":{"line":3,"column":73}},"line":3}},"branchMap":{},"s":{"0":5,"1":2},"f":{"0":2},"b":{},"_coverageSchema":"43e27e138ebf9cfc5966b082cf9a028302ed4184","hash":"0d41c601c4256ec25a1fd979e280bd188c893423"}
,"/home/allyjr/Elsa/mobile/providers/test/mock-i18n.ts": {"path":"/home/allyjr/Elsa/mobile/providers/test/mock-i18n.ts","statementMap":{"0":{"start":{"line":1,"column":0},"end":{"line":5,"column":2}},"1":{"start":{"line":2,"column":2},"end":{"line":4,"column":3}},"2":{"start":{"line":3,"column":14},"end":{"line":3,"column":27}}},"fnMap":{"0":{"name":"(anonymous_0)","decl":{"start":{"line":1,"column":21},"end":{"line":1,"column":22}},"loc":{"start":{"line":1,"column":27},"end":{"line":5,"column":1}},"line":1},"1":{"name":"(anonymous_1)","decl":{"start":{"line":3,"column":7},"end":{"line":3,"column":8}},"loc":{"start":{"line":3,"column":14},"end":{"line":3,"column":27}},"line":3}},"branchMap":{},"s":{"0":5,"1":1,"2":7},"f":{"0":1,"1":7},"b":{},"_coverageSchema":"43e27e138ebf9cfc5966b082cf9a028302ed4184","hash":"bcf961fa2abe74fcc88b1aaf46e799992c3cea6b"}
,"/home/allyjr/Elsa/mobile/providers/test/mock-react-native-localize.ts": {"path":"/home/allyjr/Elsa/mobile/providers/test/mock-react-native-localize.ts","statementMap":{"0":{"start":{"line":1,"column":0},"end":{"line":8,"column":2}},"1":{"start":{"line":2,"column":2},"end":{"line":7,"column":3}},"2":{"start":{"line":3,"column":55},"end":{"line":6,"column":5}}},"fnMap":{"0":{"name":"(anonymous_0)","decl":{"start":{"line":1,"column":35},"end":{"line":1,"column":36}},"loc":{"start":{"line":1,"column":41},"end":{"line":8,"column":1}},"line":1},"1":{"name":"(anonymous_1)","decl":{"start":{"line":3,"column":31},"end":{"line":3,"column":32}},"loc":{"start":{"line":3,"column":55},"end":{"line":6,"column":5}},"line":3}},"branchMap":{"0":{"loc":{"start":{"line":3,"column":33},"end":{"line":3,"column":48}},"type":"default-arg","locations":[{"start":{"line":3,"column":44},"end":{"line":3,"column":48}}],"line":3}},"s":{"0":5,"1":1,"2":1},"f":{"0":1,"1":1},"b":{"0":[0]},"_coverageSchema":"43e27e138ebf9cfc5966b082cf9a028302ed4184","hash":"85e4ce15b1b932c2316b20c934967d2c6849fabd"}
,"/home/allyjr/Elsa/mobile/providers/test/mock-reactotron.ts": {"path":"/home/allyjr/Elsa/mobile/providers/test/mock-reactotron.ts","statementMap":{},"fnMap":{},"branchMap":{},"s":{},"f":{},"b":{},"_coverageSchema":"43e27e138ebf9cfc5966b082cf9a028302ed4184","hash":"a6b4cd21f2c5614e55b9f7e16ea39cddac7d4398"}
}
