TN:
SF:/home/allyjr/Elsa/mobile/providers/app/components/index.ts
FNF:0
FNH:0
LF:0
LH:0
BRF:0
BRH:0
end_of_record
TN:
SF:/home/allyjr/Elsa/mobile/providers/app/components/bullet-item/bullet-item.tsx
FN:34,BulletItem
FNF:1
FNH:0
FNDA:0,BulletItem
DA:7,1
DA:14,1
DA:18,1
DA:22,1
DA:35,0
LF:5
LH:4
BRF:0
BRH:0
end_of_record
TN:
SF:/home/allyjr/Elsa/mobile/providers/app/components/button/button.presets.ts
FNF:0
FNH:0
DA:7,1
DA:15,1
DA:24,1
DA:41,1
LF:4
LH:4
BRF:0
BRH:0
end_of_record
TN:
SF:/home/allyjr/Elsa/mobile/providers/app/components/button/button.story.tsx
FN:14,(anonymous_0)
FN:15,(anonymous_1)
FN:18,(anonymous_2)
FN:21,(anonymous_3)
FN:27,(anonymous_4)
FNF:5
FNH:2
FNDA:1,(anonymous_0)
FNDA:1,(anonymous_1)
FNDA:0,(anonymous_2)
FNDA:0,(anonymous_3)
FNDA:0,(anonymous_4)
DA:9,1
DA:11,1
DA:13,1
DA:14,1
DA:16,1
DA:18,0
DA:21,0
DA:27,0
LF:8
LH:5
BRF:0
BRH:0
end_of_record
TN:
SF:/home/allyjr/Elsa/mobile/providers/app/components/button/button.tsx
FN:13,Button
FNF:1
FNH:1
FNDA:5,Button
DA:23,5
DA:25,5
DA:26,5
DA:30,5
DA:32,5
LF:5
LH:5
BRDA:16,0,0,0
BRDA:25,1,0,5
BRDA:25,1,1,0
BRDA:27,2,0,5
BRDA:27,2,1,0
BRDA:30,3,0,5
BRDA:30,3,1,3
BRF:7
BRH:4
end_of_record
TN:
SF:/home/allyjr/Elsa/mobile/providers/app/components/checkbox/checkbox.story.tsx
FN:18,(anonymous_0)
FN:19,(anonymous_1)
FN:23,(anonymous_2)
FN:34,(anonymous_3)
FN:38,(anonymous_4)
FN:52,(anonymous_5)
FN:71,(anonymous_6)
FN:91,(anonymous_7)
FN:106,(anonymous_8)
FNF:9
FNH:9
FNDA:2,(anonymous_0)
FNDA:1,(anonymous_1)
FNDA:1,(anonymous_2)
FNDA:1,(anonymous_3)
FNDA:1,(anonymous_4)
FNDA:1,(anonymous_5)
FNDA:1,(anonymous_6)
FNDA:1,(anonymous_7)
FNDA:1,(anonymous_8)
DA:13,1
DA:14,1
DA:15,1
DA:17,1
DA:18,2
DA:20,1
DA:23,1
DA:35,1
DA:39,1
DA:53,1
DA:72,1
DA:92,1
DA:107,1
LF:13
LH:13
BRF:0
BRH:0
end_of_record
TN:
SF:/home/allyjr/Elsa/mobile/providers/app/components/checkbox/checkbox.tsx
FN:34,Checkbox
FN:41,(anonymous_1)
FNF:2
FNH:1
FNDA:8,Checkbox
FNDA:0,(anonymous_1)
DA:8,1
DA:14,1
DA:16,1
DA:26,1
DA:32,1
DA:35,8
DA:37,8
DA:38,8
DA:39,8
DA:41,8
DA:43,8
LF:11
LH:11
BRDA:35,0,0,1
BRDA:35,0,1,7
BRDA:41,1,0,6
BRDA:41,1,1,2
BRDA:41,2,0,0
BRDA:41,2,1,0
BRDA:50,3,0,8
BRDA:50,3,1,1
BRF:8
BRH:6
end_of_record
TN:
SF:/home/allyjr/Elsa/mobile/providers/app/components/form-row/form-row.presets.ts
FNF:0
FNH:0
DA:7,1
DA:12,1
DA:21,1
LF:3
LH:3
BRF:0
BRH:0
end_of_record
TN:
SF:/home/allyjr/Elsa/mobile/providers/app/components/form-row/form-row.story.tsx
FN:19,(anonymous_0)
FN:20,(anonymous_1)
FN:63,(anonymous_2)
FN:99,(anonymous_3)
FNF:4
FNH:4
FNDA:3,(anonymous_0)
FNDA:1,(anonymous_1)
FNDA:1,(anonymous_2)
FNDA:1,(anonymous_3)
DA:13,1
DA:16,1
DA:18,1
DA:19,3
DA:21,1
DA:64,1
DA:100,1
LF:7
LH:7
BRF:0
BRH:0
end_of_record
TN:
SF:/home/allyjr/Elsa/mobile/providers/app/components/form-row/form-row.tsx
FN:10,FormRow
FNF:1
FNH:1
FNDA:14,FormRow
DA:11,14
DA:13,14
LF:2
LH:2
BRF:0
BRH:0
end_of_record
TN:
SF:/home/allyjr/Elsa/mobile/providers/app/components/header/header.story.tsx
FN:16,(anonymous_0)
FN:17,(anonymous_1)
FN:29,(anonymous_2)
FN:38,(anonymous_3)
FNF:4
FNH:2
FNDA:1,(anonymous_0)
FNDA:1,(anonymous_1)
FNDA:0,(anonymous_2)
FNDA:0,(anonymous_3)
DA:10,1
DA:15,1
DA:16,1
DA:18,1
DA:29,0
DA:38,0
LF:6
LH:4
BRF:0
BRH:0
end_of_record
TN:
SF:/home/allyjr/Elsa/mobile/providers/app/components/header/header.tsx
FN:33,(anonymous_0)
FNF:1
FNH:1
FNDA:3,(anonymous_0)
DA:12,1
DA:25,1
DA:26,1
DA:27,1
DA:28,1
DA:33,1
DA:43,3
DA:44,3
DA:46,3
LF:9
LH:9
BRDA:44,0,0,3
BRDA:44,0,1,3
BRDA:44,0,2,3
BRDA:44,0,3,0
BRDA:48,1,0,1
BRDA:48,1,1,2
BRDA:58,2,0,1
BRDA:58,2,1,2
BRF:8
BRH:7
end_of_record
TN:
SF:/home/allyjr/Elsa/mobile/providers/app/components/icon/icon.story.tsx
FN:9,(anonymous_0)
FN:10,(anonymous_1)
FNF:2
FNH:2
FNDA:1,(anonymous_0)
FNDA:1,(anonymous_1)
DA:8,1
DA:9,1
DA:11,1
LF:3
LH:3
BRF:0
BRH:0
end_of_record
TN:
SF:/home/allyjr/Elsa/mobile/providers/app/components/icon/icon.tsx
FN:10,Icon
FNF:1
FNH:1
FNDA:4,Icon
DA:6,1
DA:11,4
DA:12,4
DA:14,4
LF:4
LH:4
BRF:0
BRH:0
end_of_record
TN:
SF:/home/allyjr/Elsa/mobile/providers/app/components/icon/icons/arrow-left.png
FNF:0
FNH:0
DA:1,1
LF:1
LH:1
BRF:0
BRH:0
end_of_record
TN:
SF:/home/allyjr/Elsa/mobile/providers/app/components/icon/icons/bullet.png
FNF:0
FNH:0
DA:1,1
LF:1
LH:1
BRF:0
BRH:0
end_of_record
TN:
SF:/home/allyjr/Elsa/mobile/providers/app/components/icon/icons/index.ts
FNF:0
FNH:0
DA:1,1
LF:1
LH:1
BRF:0
BRH:0
end_of_record
TN:
SF:/home/allyjr/Elsa/mobile/providers/app/components/screen/screen.presets.ts
FN:64,isNonScrolling
FNF:1
FNH:0
FNDA:0,isNonScrolling
DA:8,1
DA:20,1
DA:66,0
LF:3
LH:2
BRDA:66,0,0,0
BRDA:66,0,1,0
BRDA:66,0,2,0
BRDA:66,0,3,0
BRF:4
BRH:0
end_of_record
TN:
SF:/home/allyjr/Elsa/mobile/providers/app/components/screen/screen.tsx
FN:9,ScreenWithoutScrolling
FN:28,ScreenWithScrolling
FN:59,Screen
FNF:3
FNH:0
FNDA:0,ScreenWithoutScrolling
FNDA:0,ScreenWithScrolling
FNDA:0,Screen
DA:7,1
DA:10,0
DA:11,0
DA:12,0
DA:13,0
DA:14,0
DA:16,0
DA:29,0
DA:30,0
DA:31,0
DA:32,0
DA:33,0
DA:35,0
DA:60,0
DA:61,0
DA:63,0
LF:16
LH:1
BRDA:12,0,0,0
BRDA:12,0,1,0
BRDA:13,1,0,0
BRDA:13,1,1,0
BRDA:14,2,0,0
BRDA:14,2,1,0
BRDA:19,3,0,0
BRDA:19,3,1,0
BRDA:20,4,0,0
BRDA:20,4,1,0
BRDA:22,5,0,0
BRDA:22,5,1,0
BRDA:31,6,0,0
BRDA:31,6,1,0
BRDA:32,7,0,0
BRDA:32,7,1,0
BRDA:33,8,0,0
BRDA:33,8,1,0
BRDA:38,9,0,0
BRDA:38,9,1,0
BRDA:39,10,0,0
BRDA:39,10,1,0
BRDA:41,11,0,0
BRDA:41,11,1,0
BRDA:60,12,0,0
BRDA:60,12,1,0
BRF:26
BRH:0
end_of_record
TN:
SF:/home/allyjr/Elsa/mobile/providers/app/components/switch/switch.story.tsx
FN:52,(anonymous_0)
FN:53,(anonymous_1)
FN:57,(anonymous_2)
FN:68,(anonymous_3)
FN:72,(anonymous_4)
FN:89,(anonymous_5)
FNF:6
FNH:6
FNDA:2,(anonymous_0)
FNDA:1,(anonymous_1)
FNDA:1,(anonymous_2)
FNDA:1,(anonymous_3)
FNDA:1,(anonymous_4)
FNDA:1,(anonymous_5)
DA:13,1
DA:15,1
DA:22,1
DA:32,1
DA:42,1
DA:51,1
DA:52,2
DA:54,1
DA:57,1
DA:69,1
DA:73,1
DA:90,1
LF:12
LH:12
BRF:0
BRH:0
end_of_record
TN:
SF:/home/allyjr/Elsa/mobile/providers/app/components/switch/switch.tsx
FN:49,(anonymous_0)
FN:53,(anonymous_1)
FN:55,(anonymous_2)
FN:58,(anonymous_3)
FN:58,(anonymous_4)
FN:72,(anonymous_5)
FN:79,(anonymous_6)
FN:79,(anonymous_7)
FNF:8
FNH:6
FNDA:25,(anonymous_0)
FNDA:5,(anonymous_1)
FNDA:5,(anonymous_2)
FNDA:5,(anonymous_3)
FNDA:0,(anonymous_4)
FNDA:5,(anonymous_5)
FNDA:5,(anonymous_6)
FNDA:0,(anonymous_7)
DA:8,1
DA:9,1
DA:10,1
DA:11,1
DA:12,1
DA:13,1
DA:16,1
DA:17,1
DA:18,1
DA:19,1
DA:22,1
DA:25,1
DA:34,1
DA:49,1
DA:50,25
DA:53,5
DA:55,1
DA:56,5
DA:57,5
DA:58,5
DA:59,0
DA:60,0
DA:61,0
DA:71,5
DA:72,5
DA:73,5
DA:74,0
DA:75,0
DA:79,5
DA:84,5
DA:85,0
DA:88,5
DA:93,5
DA:95,5
DA:96,5
DA:100,5
DA:102,5
DA:103,5
DA:106,5
DA:108,5
LF:40
LH:34
BRDA:53,0,0,1
BRDA:53,0,1,4
BRDA:59,1,0,0
BRDA:59,1,1,0
BRDA:73,2,0,0
BRDA:73,2,1,5
BRDA:79,3,0,0
BRDA:79,3,1,0
BRDA:84,4,0,0
BRDA:84,4,1,5
BRDA:97,5,0,1
BRDA:97,5,1,4
BRDA:98,6,0,1
BRDA:98,6,1,4
BRDA:100,7,0,1
BRDA:100,7,1,4
BRDA:106,8,0,1
BRDA:106,8,1,4
BRF:18
BRH:12
end_of_record
TN:
SF:/home/allyjr/Elsa/mobile/providers/app/components/text/text.presets.ts
FNF:0
FNH:0
DA:7,1
DA:18,1
LF:2
LH:2
BRF:0
BRH:0
end_of_record
TN:
SF:/home/allyjr/Elsa/mobile/providers/app/components/text/text.story.tsx
FN:20,(anonymous_0)
FN:21,(anonymous_1)
FN:47,(anonymous_2)
FN:81,(anonymous_3)
FNF:4
FNH:4
FNDA:3,(anonymous_0)
FNDA:1,(anonymous_1)
FNDA:1,(anonymous_2)
FNDA:1,(anonymous_3)
DA:13,1
DA:17,1
DA:19,1
DA:20,3
DA:22,1
DA:48,1
DA:82,1
LF:7
LH:7
BRF:0
BRH:0
end_of_record
TN:
SF:/home/allyjr/Elsa/mobile/providers/app/components/text/text.tsx
FN:53,Text
FNF:1
FNH:1
FNDA:54,Text
DA:9,1
DA:66,54
DA:69,54
DA:70,54
DA:72,54
DA:74,54
LF:6
LH:6
BRDA:56,0,0,38
BRDA:62,1,0,51
BRDA:63,2,0,54
BRDA:64,3,0,54
BRDA:69,4,0,54
BRDA:69,4,1,3
BRDA:70,5,0,54
BRDA:70,5,1,51
BRDA:70,5,2,27
BRDA:72,6,0,54
BRDA:72,6,1,0
BRF:11
BRH:10
end_of_record
TN:
SF:/home/allyjr/Elsa/mobile/providers/app/components/text-field/text-field.story.tsx
FN:30,(anonymous_0)
FN:31,(anonymous_1)
FN:35,(anonymous_2)
FN:37,(anonymous_3)
FN:48,(anonymous_4)
FN:50,(anonymous_5)
FN:60,(anonymous_6)
FN:68,(anonymous_7)
FN:70,(anonymous_8)
FN:78,(anonymous_9)
FN:80,(anonymous_10)
FN:93,(anonymous_11)
FN:95,(anonymous_12)
FN:114,(anonymous_13)
FN:116,(anonymous_14)
FN:128,(anonymous_15)
FN:132,(anonymous_16)
FN:134,(anonymous_17)
FN:145,(anonymous_18)
FN:146,(anonymous_19)
FNF:20
FNH:12
FNDA:3,(anonymous_0)
FNDA:1,(anonymous_1)
FNDA:1,(anonymous_2)
FNDA:0,(anonymous_3)
FNDA:1,(anonymous_4)
FNDA:0,(anonymous_5)
FNDA:1,(anonymous_6)
FNDA:1,(anonymous_7)
FNDA:0,(anonymous_8)
FNDA:1,(anonymous_9)
FNDA:0,(anonymous_10)
FNDA:1,(anonymous_11)
FNDA:0,(anonymous_12)
FNDA:1,(anonymous_13)
FNDA:0,(anonymous_14)
FNDA:1,(anonymous_15)
FNDA:1,(anonymous_16)
FNDA:0,(anonymous_17)
FNDA:2,(anonymous_18)
FNDA:0,(anonymous_19)
DA:13,1
DA:15,1
DA:27,1
DA:29,1
DA:30,3
DA:32,1
DA:36,1
DA:37,0
DA:49,1
DA:50,0
DA:61,1
DA:69,1
DA:70,0
DA:79,1
DA:80,0
DA:94,1
DA:95,0
DA:115,1
DA:116,0
DA:129,1
DA:133,1
DA:134,0
DA:145,2
DA:147,0
DA:149,0
DA:150,0
LF:26
LH:16
BRDA:147,0,0,0
BRDA:147,0,1,0
BRF:2
BRH:0
end_of_record
TN:
SF:/home/allyjr/Elsa/mobile/providers/app/components/text-field/text-field.tsx
FN:28,(anonymous_0)
FN:35,(anonymous_1)
FNF:2
FNH:2
FNDA:14,(anonymous_0)
FNDA:7,(anonymous_1)
DA:10,1
DA:15,1
DA:24,1
DA:28,1
DA:29,14
DA:35,1
DA:46,7
DA:47,7
DA:48,7
DA:50,7
DA:51,7
DA:52,7
DA:54,7
LF:13
LH:13
BRDA:41,0,0,7
BRDA:52,1,0,1
BRDA:52,1,1,6
BRF:3
BRH:3
end_of_record
TN:
SF:/home/allyjr/Elsa/mobile/providers/app/components/wallpaper/bg.png
FNF:0
FNH:0
DA:1,1
LF:1
LH:1
BRF:0
BRH:0
end_of_record
TN:
SF:/home/allyjr/Elsa/mobile/providers/app/components/wallpaper/wallpaper.presets.ts
FNF:0
FNH:0
DA:6,1
DA:19,1
LF:2
LH:2
BRF:0
BRH:0
end_of_record
TN:
SF:/home/allyjr/Elsa/mobile/providers/app/components/wallpaper/wallpaper.story.tsx
FN:9,(anonymous_0)
FN:10,(anonymous_1)
FNF:2
FNH:2
FNDA:1,(anonymous_0)
FNDA:1,(anonymous_1)
DA:8,1
DA:9,1
DA:11,1
LF:3
LH:3
BRF:0
BRH:0
end_of_record
TN:
SF:/home/allyjr/Elsa/mobile/providers/app/components/wallpaper/wallpaper.tsx
FN:13,Wallpaper
FNF:1
FNH:1
FNDA:1,Wallpaper
DA:6,1
DA:15,1
DA:18,1
DA:19,1
DA:22,1
DA:24,1
LF:6
LH:6
BRDA:15,0,0,1
BRDA:18,1,0,1
BRDA:18,1,1,0
BRDA:22,2,0,1
BRDA:22,2,1,1
BRF:5
BRH:4
end_of_record
TN:
SF:/home/allyjr/Elsa/mobile/providers/app/i18n/i18n.ts
FNF:0
FNH:0
DA:4,1
DA:5,1
DA:7,1
DA:8,1
DA:10,1
DA:13,1
DA:14,1
LF:7
LH:7
BRDA:13,0,0,1
BRDA:13,0,1,0
BRF:2
BRH:1
end_of_record
TN:
SF:/home/allyjr/Elsa/mobile/providers/app/i18n/index.ts
FNF:0
FNH:0
LF:0
LH:0
BRF:0
BRH:0
end_of_record
TN:
SF:/home/allyjr/Elsa/mobile/providers/app/i18n/translate.ts
FN:8,translate
FNF:1
FNH:1
FNDA:7,translate
DA:9,7
LF:1
LH:1
BRDA:9,0,0,7
BRDA:9,0,1,0
BRF:2
BRH:1
end_of_record
TN:
SF:/home/allyjr/Elsa/mobile/providers/app/models/extensions/with-status.ts
FN:26,(anonymous_0)
FN:35,(anonymous_1)
FN:39,(anonymous_2)
FN:49,(anonymous_3)
FNF:4
FNH:4
FNDA:5,(anonymous_0)
FNDA:6,(anonymous_1)
FNDA:2,(anonymous_2)
FNDA:2,(anonymous_3)
DA:26,1
DA:30,5
DA:32,5
DA:36,6
DA:40,2
DA:50,2
LF:6
LH:6
BRF:0
BRH:0
end_of_record
TN:
SF:/home/allyjr/Elsa/mobile/providers/app/services/api/api-problem.ts
FN:46,getGeneralApiProblem
FNF:1
FNH:1
FNDA:10,getGeneralApiProblem
DA:47,10
DA:49,1
DA:51,1
DA:53,1
DA:55,1
DA:57,1
DA:59,4
DA:61,1
DA:63,1
DA:65,1
DA:67,1
DA:70,1
DA:73,0
LF:13
LH:12
BRDA:47,0,0,1
BRDA:47,0,1,1
BRDA:47,0,2,1
BRDA:47,0,3,1
BRDA:47,0,4,1
BRDA:47,0,5,4
BRDA:47,0,6,1
BRDA:59,1,0,1
BRDA:59,1,1,1
BRDA:59,1,2,1
BRDA:59,1,3,1
BRF:11
BRH:11
end_of_record
TN:
SF:/home/allyjr/Elsa/mobile/providers/app/theme/color.ts
FNF:0
FNH:0
DA:12,1
LF:1
LH:1
BRF:0
BRH:0
end_of_record
TN:
SF:/home/allyjr/Elsa/mobile/providers/app/theme/index.ts
FNF:0
FNH:0
LF:0
LH:0
BRF:0
BRH:0
end_of_record
TN:
SF:/home/allyjr/Elsa/mobile/providers/app/theme/palette.ts
FNF:0
FNH:0
DA:1,1
LF:1
LH:1
BRF:0
BRH:0
end_of_record
TN:
SF:/home/allyjr/Elsa/mobile/providers/app/theme/spacing.ts
FNF:0
FNH:0
DA:41,1
LF:1
LH:1
BRF:0
BRH:0
end_of_record
TN:
SF:/home/allyjr/Elsa/mobile/providers/app/theme/timing.ts
FNF:0
FNH:0
DA:1,1
LF:1
LH:1
BRF:0
BRH:0
end_of_record
TN:
SF:/home/allyjr/Elsa/mobile/providers/app/theme/typography.ts
FNF:0
FNH:0
DA:8,1
LF:1
LH:1
BRF:0
BRH:0
end_of_record
TN:
SF:/home/allyjr/Elsa/mobile/providers/app/utils/storage/storage.ts
FN:8,loadString
FN:23,saveString
FN:37,load
FN:52,save
FN:66,remove
FN:75,clear
FNF:6
FNH:6
FNDA:1,loadString
FNDA:1,saveString
FNDA:1,load
FNDA:1,save
FNDA:1,remove
FNDA:1,clear
DA:9,1
DA:10,1
DA:13,0
DA:24,1
DA:25,1
DA:26,1
DA:28,0
DA:38,1
DA:39,1
DA:40,1
DA:42,0
DA:53,1
DA:54,1
DA:55,1
DA:57,0
DA:67,1
DA:68,1
DA:76,1
DA:77,1
LF:19
LH:15
BRF:0
BRH:0
end_of_record
TN:
SF:/home/allyjr/Elsa/mobile/providers/storybook/index.ts
FNF:0
FNH:0
LF:0
LH:0
BRF:0
BRH:0
end_of_record
TN:
SF:/home/allyjr/Elsa/mobile/providers/storybook/storybook-registry.ts
FNF:0
FNH:0
DA:1,1
DA:2,1
DA:3,1
DA:4,1
DA:5,1
DA:6,1
DA:7,1
DA:8,1
DA:9,1
LF:9
LH:9
BRF:0
BRH:0
end_of_record
TN:
SF:/home/allyjr/Elsa/mobile/providers/storybook/storybook.tsx
FN:6,(anonymous_0)
FN:18,(anonymous_1)
FN:19,(anonymous_2)
FN:20,(anonymous_3)
FNF:4
FNH:1
FNDA:1,(anonymous_0)
FNDA:0,(anonymous_1)
FNDA:0,(anonymous_2)
FNDA:0,(anonymous_3)
DA:6,1
DA:7,1
DA:10,1
DA:18,1
DA:19,0
DA:20,0
DA:21,0
DA:22,0
DA:23,0
DA:24,0
DA:29,0
LF:11
LH:4
BRDA:21,0,0,0
BRDA:21,0,1,0
BRDA:21,1,0,0
BRDA:21,1,1,0
BRF:4
BRH:0
end_of_record
TN:
SF:/home/allyjr/Elsa/mobile/providers/storybook/views/index.ts
FNF:0
FNH:0
LF:0
LH:0
BRF:0
BRH:0
end_of_record
TN:
SF:/home/allyjr/Elsa/mobile/providers/storybook/views/story-screen.tsx
FN:11,(anonymous_0)
FNF:1
FNH:1
FNDA:17,(anonymous_0)
DA:4,1
DA:10,1
DA:11,1
DA:12,17
LF:4
LH:4
BRDA:10,0,0,1
BRDA:10,0,1,0
BRF:2
BRH:1
end_of_record
TN:
SF:/home/allyjr/Elsa/mobile/providers/storybook/views/story.tsx
FN:10,Story
FNF:1
FNH:1
FNDA:17,Story
DA:8,1
DA:11,17
LF:2
LH:2
BRF:0
BRH:0
end_of_record
TN:
SF:/home/allyjr/Elsa/mobile/providers/storybook/views/use-case.tsx
FN:47,UseCase
FNF:1
FNH:1
FNDA:45,UseCase
DA:4,1
DA:5,1
DA:6,1
DA:7,1
DA:16,1
DA:22,1
DA:23,1
DA:30,1
DA:48,45
DA:54,45
LF:10
LH:10
BRDA:50,0,0,4
BRDA:50,0,1,41
BRDA:51,1,0,0
BRDA:51,1,1,45
BRDA:63,2,0,44
BRDA:63,2,1,1
BRF:6
BRH:5
end_of_record
TN:
SF:/home/allyjr/Elsa/mobile/providers/test/mock-async-storage.ts
FN:3,(anonymous_0)
FNF:1
FNH:1
FNDA:2,(anonymous_0)
DA:3,5
LF:1
LH:1
BRF:0
BRH:0
end_of_record
TN:
SF:/home/allyjr/Elsa/mobile/providers/test/mock-i18n.ts
FN:1,(anonymous_0)
FN:3,(anonymous_1)
FNF:2
FNH:2
FNDA:1,(anonymous_0)
FNDA:7,(anonymous_1)
DA:1,5
DA:2,1
DA:3,7
LF:3
LH:3
BRF:0
BRH:0
end_of_record
TN:
SF:/home/allyjr/Elsa/mobile/providers/test/mock-react-native-localize.ts
FN:1,(anonymous_0)
FN:3,(anonymous_1)
FNF:2
FNH:2
FNDA:1,(anonymous_0)
FNDA:1,(anonymous_1)
DA:1,5
DA:2,1
DA:3,1
LF:3
LH:3
BRDA:3,0,0,0
BRF:1
BRH:0
end_of_record
TN:
SF:/home/allyjr/Elsa/mobile/providers/test/mock-reactotron.ts
FNF:0
FNH:0
LF:0
LH:0
BRF:0
BRH:0
end_of_record
